INFO:root:[Start] Rwns_train class is initialized.
INFO:root:Start to write log.
INFO:root:[GA] Creating Tool Box 2020-05-14 10:12:47
INFO:root:[GA] Creating Tool Box 2020-05-14 10:12:47
INFO:root:[GA] Initialion starts at 2020-05-14 10:12:47
INFO:root:	 - Epoch: [0][0/98]	Time 11.257 (11.257)	Loss 2.3290 (2.3290)	Prec@1 9.570 (9.570)	Prec@5 47.266 (47.266)
INFO:root:[Start] Rwns_train class is initialized.
INFO:root:Start to write log.
INFO:root:[GA] Creating Tool Box 2020-05-14 10:36:27
INFO:root:[GA] Creating Tool Box 2020-05-14 10:36:27
INFO:root:[GA] Initialion starts at 2020-05-14 10:36:27
INFO:root:[Start] Rwns_train class is initialized.
INFO:root:Start to write log.
INFO:root:[GA] Creating Tool Box 2020-05-14 10:36:53
INFO:root:[GA] Creating Tool Box 2020-05-14 10:36:53
INFO:root:[GA] Initialion starts at 2020-05-14 10:36:53
INFO:root:[Start] Rwns_train class is initialized.
INFO:root:Start to write log.
INFO:root:[GA] Creating Tool Box 2020-05-14 10:37:39
INFO:root:[GA] Creating Tool Box 2020-05-14 10:37:39
INFO:root:[GA] Initialion starts at 2020-05-14 10:37:39
