INFO:root:[Start] Rwns_train class is initialized.
INFO:root:Start to write log.
INFO:root:[Start] Rwns_train class is initialized.
INFO:root:Start to write log.
INFO:root:[GA] Initialion starts at 2020-04-23 17:05:10
INFO:root:[Start] Rwns_train class is initialized.
INFO:root:Start to write log.
INFO:root:[GA] Initialion starts at 2020-04-23 17:05:46
INFO:root:[Start] Rwns_train class is initialized.
INFO:root:Start to write log.
INFO:root:[GA] Initialion starts at 2020-04-23 17:18:03
INFO:root:[Start] Rwns_train class is initialized.
INFO:root:Start to write log.
INFO:root:[GA] Initialion starts at 2020-04-23 17:19:49
INFO:root:[Start] Rwns_train class is initialized.
INFO:root:Start to write log.
INFO:root:[GA] Initialion starts at 2020-04-23 17:23:19
INFO:root:[Start] Rwns_train class is initialized.
INFO:root:Start to write log.
INFO:root:[GA] Initialion starts at 2020-04-23 17:23:35
INFO:root:[Start] Rwns_train class is initialized.
INFO:root:Start to write log.
INFO:root:[GA] Initialion starts at 2020-04-23 17:24:06
INFO:root:[Start] Rwns_train class is initialized.
INFO:root:Start to write log.
INFO:root:[GA] Initialion starts at 2020-04-23 17:24:59
INFO:root:[Start] Rwns_train class is initialized.
INFO:root:Start to write log.
INFO:root:[GA] Initialion starts at 2020-04-23 17:26:31
INFO:root:[Start] Rwns_train class is initialized.
INFO:root:Start to write log.
INFO:root:[GA] Initialion starts at 2020-04-23 17:27:15
INFO:root:[Start] Rwns_train class is initialized.
INFO:root:Start to write log.
INFO:root:[GA] Initialion starts at 2020-04-23 17:28:28
INFO:root:[Start] Rwns_train class is initialized.
INFO:root:Start to write log.
INFO:root:[GA] Initialion starts at 2020-04-23 17:29:08
INFO:root:[Start] Rwns_train class is initialized.
INFO:root:Start to write log.
INFO:root:[GA] Initialion starts at 2020-04-23 17:30:05
INFO:root:[Start] Rwns_train class is initialized.
INFO:root:Start to write log.
INFO:root:[GA] Initialion starts at 2020-04-23 17:31:04
INFO:root:[Start] Rwns_train class is initialized.
INFO:root:Start to write log.
INFO:root:[GA] Initialion starts at 2020-04-23 17:32:18
INFO:root:[Start] Rwns_train class is initialized.
INFO:root:Start to write log.
INFO:root:[GA] Initialion starts at 2020-04-23 17:32:33
INFO:root:[Start] Rwns_train class is initialized.
INFO:root:Start to write log.
INFO:root:[GA] Initialion starts at 2020-04-23 17:33:27
INFO:root:[Start] Rwns_train class is initialized.
INFO:root:Start to write log.
INFO:root:[GA] Initialion starts at 2020-04-23 18:57:17
INFO:root:[Start] Rwns_train class is initialized.
INFO:root:Start to write log.
INFO:root:[GA] Initialion starts at 2020-04-23 18:58:09
INFO:root:[Start] Rwns_train class is initialized.
INFO:root:Start to write log.
INFO:root:[GA] Initialion starts at 2020-04-23 18:58:19
INFO:root:[Start] Rwns_train class is initialized.
INFO:root:Start to write log.
INFO:root:[GA] Initialion starts at 2020-04-23 18:59:09
INFO:root:[Start] Rwns_train class is initialized.
INFO:root:Start to write log.
INFO:root:[GA] Initialion starts at 2020-04-23 19:05:01
INFO:root:[Start] Rwns_train class is initialized.
INFO:root:Start to write log.
INFO:root:[GA] Initialion starts at 2020-04-24 16:47:53
INFO:root:[Start] Rwns_train class is initialized.
INFO:root:Start to write log.
INFO:root:[GA] Initialion starts at 2020-04-24 16:51:34
INFO:root:[Start] Rwns_train class is initialized.
INFO:root:Start to write log.
INFO:root:[GA] Initialion starts at 2020-04-24 16:57:19
INFO:root:[Start] Rwns_train class is initialized.
INFO:root:Start to write log.
INFO:root:[GA] Creating Tool Box 2020-04-24 17:04:26
INFO:root:[GA] Creating Tool Box 2020-04-24 17:04:26
INFO:root:[GA] Initialion starts at 2020-04-24 17:04:26
INFO:root:[Start] Rwns_train class is initialized.
INFO:root:Start to write log.
INFO:root:[GA] Creating Tool Box 2020-04-24 17:10:58
INFO:root:[GA] Creating Tool Box 2020-04-24 17:10:58
INFO:root:[GA] Initialion starts at 2020-04-24 17:10:58
INFO:root:[Start] Rwns_train class is initialized.
INFO:root:Start to write log.
INFO:root:[GA] Creating Tool Box 2020-04-24 17:11:10
INFO:root:[GA] Creating Tool Box 2020-04-24 17:11:10
INFO:root:[GA] Initialion starts at 2020-04-24 17:11:10
INFO:root:[Start] Rwns_train class is initialized.
INFO:root:Start to write log.
INFO:root:[GA] Creating Tool Box 2020-04-25 23:08:48
INFO:root:[GA] Creating Tool Box 2020-04-25 23:09:12
INFO:root:[GA] Initialion starts at 2020-04-25 23:09:12
INFO:root:[Start] Rwns_train class is initialized.
INFO:root:Start to write log.
INFO:root:[GA] Creating Tool Box 2020-04-26 00:03:09
INFO:root:[Start] Rwns_train class is initialized.
INFO:root:Start to write log.
INFO:root:[GA] Creating Tool Box 2020-04-26 08:02:43
INFO:root:[GA] Creating Tool Box 2020-04-26 08:02:43
INFO:root:[GA] Initialion starts at 2020-04-26 08:02:43
INFO:root:[Start] Rwns_train class is initialized.
INFO:root:Start to write log.
INFO:root:[GA] Creating Tool Box 2020-04-26 08:03:20
INFO:root:[GA] Creating Tool Box 2020-04-26 08:03:21
INFO:root:[GA] Initialion starts at 2020-04-26 08:03:21
INFO:root:[GA] Creating Tool Box 2020-04-26 08:07:50
INFO:root:[GA] Initialion starts at 2020-04-26 08:07:50
INFO:root:[Start] Rwns_train class is initialized.
INFO:root:Start to write log.
INFO:root:[GA] Creating Tool Box 2020-04-26 08:07:58
INFO:root:[GA] Creating Tool Box 2020-04-26 08:08:00
INFO:root:[GA] Initialion starts at 2020-04-26 08:08:00
INFO:root:[Start] Rwns_train class is initialized.
INFO:root:Start to write log.
INFO:root:[GA] Creating Tool Box 2020-04-26 08:08:38
INFO:root:[GA] Creating Tool Box 2020-04-26 08:08:38
INFO:root:[GA] Initialion starts at 2020-04-26 08:08:38
INFO:root:[GA] Initialion starts at 2020-04-26 08:09:21
INFO:root:[Start] Rwns_train class is initialized.
INFO:root:Start to write log.
INFO:root:[GA] Creating Tool Box 2020-04-26 08:10:17
INFO:root:[GA] Creating Tool Box 2020-04-26 08:10:17
INFO:root:[GA] Initialion starts at 2020-04-26 08:10:17
INFO:root:[Start] Rwns_train class is initialized.
INFO:root:Start to write log.
INFO:root:[GA] Creating Tool Box 2020-04-26 08:10:34
INFO:root:[GA] Creating Tool Box 2020-04-26 08:10:35
INFO:root:[GA] Initialion starts at 2020-04-26 08:10:35
INFO:root:[Start] Rwns_train class is initialized.
INFO:root:Start to write log.
INFO:root:[GA] Creating Tool Box 2020-04-26 08:13:07
INFO:root:[GA] Creating Tool Box 2020-04-26 08:13:09
INFO:root:[GA] Initialion starts at 2020-04-26 08:13:09
INFO:root:[Start] Rwns_train class is initialized.
INFO:root:Start to write log.
INFO:root:[GA] Creating Tool Box 2020-04-26 08:13:57
INFO:root:[GA] Creating Tool Box 2020-04-26 08:13:57
INFO:root:[GA] Initialion starts at 2020-04-26 08:13:57
INFO:root:[Start] Rwns_train class is initialized.
INFO:root:Start to write log.
INFO:root:[GA] Creating Tool Box 2020-04-26 08:16:00
INFO:root:[GA] Creating Tool Box 2020-04-26 08:16:00
INFO:root:[GA] Initialion starts at 2020-04-26 08:16:00
INFO:root:[Start] Rwns_train class is initialized.
INFO:root:Start to write log.
INFO:root:[GA] Creating Tool Box 2020-04-26 08:18:06
INFO:root:[GA] Creating Tool Box 2020-04-26 08:18:06
INFO:root:[GA] Initialion starts at 2020-04-26 08:18:06
INFO:root:[Start] Rwns_train class is initialized.
INFO:root:Start to write log.
INFO:root:[GA] Creating Tool Box 2020-04-26 08:18:47
INFO:root:[GA] Creating Tool Box 2020-04-26 08:18:47
INFO:root:[GA] Initialion starts at 2020-04-26 08:18:47
INFO:root:[Start] Rwns_train class is initialized.
INFO:root:Start to write log.
INFO:root:[GA] Creating Tool Box 2020-04-26 08:19:12
INFO:root:[GA] Creating Tool Box 2020-04-26 08:19:12
INFO:root:[GA] Initialion starts at 2020-04-26 08:19:12
INFO:root:[Start] Rwns_train class is initialized.
INFO:root:Start to write log.
INFO:root:[GA] Creating Tool Box 2020-04-26 08:19:49
INFO:root:[GA] Creating Tool Box 2020-04-26 08:19:49
INFO:root:[GA] Initialion starts at 2020-04-26 08:19:49
INFO:root:[Start] Rwns_train class is initialized.
INFO:root:Start to write log.
INFO:root:[GA] Creating Tool Box 2020-04-26 08:20:10
INFO:root:[GA] Creating Tool Box 2020-04-26 08:20:10
INFO:root:[GA] Initialion starts at 2020-04-26 08:20:10
INFO:root:[GA] Creating Tool Box 2020-04-26 08:20:21
INFO:root:[GA] Initialion starts at 2020-04-26 08:20:21
INFO:root:[GA] Initialion starts at 2020-04-26 08:21:45
INFO:root:[GA] Initialion starts at 2020-04-26 08:21:53
INFO:root:[GA] Initialion starts at 2020-04-26 08:22:09
INFO:root:[GA] Initialion starts at 2020-04-26 08:25:12
INFO:root:[GA] Initialion starts at 2020-04-26 08:25:48
INFO:root:[GA] Initialion starts at 2020-04-26 08:26:02
INFO:root:[GA] Initialion starts at 2020-04-26 08:26:42
INFO:root:[Start] Rwns_train class is initialized.
INFO:root:Start to write log.
INFO:root:[GA] Creating Tool Box 2020-04-26 08:36:24
INFO:root:[GA] Creating Tool Box 2020-04-26 08:36:25
INFO:root:[GA] Initialion starts at 2020-04-26 08:36:25
INFO:root:[Start] Rwns_train class is initialized.
INFO:root:Start to write log.
INFO:root:[GA] Creating Tool Box 2020-04-26 08:36:50
INFO:root:[GA] Creating Tool Box 2020-04-26 08:36:51
INFO:root:[GA] Initialion starts at 2020-04-26 08:36:51
INFO:root:[Start] Rwns_train class is initialized.
INFO:root:Start to write log.
INFO:root:[GA] Creating Tool Box 2020-04-26 08:37:51
INFO:root:[GA] Creating Tool Box 2020-04-26 08:37:51
INFO:root:[GA] Initialion starts at 2020-04-26 08:37:51
INFO:root:[Start] Rwns_train class is initialized.
INFO:root:Start to write log.
INFO:root:[GA] Creating Tool Box 2020-04-26 08:38:36
INFO:root:[GA] Creating Tool Box 2020-04-26 08:38:38
INFO:root:[GA] Initialion starts at 2020-04-26 08:38:38
INFO:root:[Start] Rwns_train class is initialized.
INFO:root:Start to write log.
INFO:root:[GA] Creating Tool Box 2020-04-26 08:52:20
INFO:root:[GA] Creating Tool Box 2020-04-26 08:52:20
INFO:root:[GA] Initialion starts at 2020-04-26 08:52:20
INFO:root:[Start] Rwns_train class is initialized.
INFO:root:Start to write log.
INFO:root:[GA] Creating Tool Box 2020-04-26 08:53:10
INFO:root:[GA] Creating Tool Box 2020-04-26 08:53:10
INFO:root:[GA] Initialion starts at 2020-04-26 08:53:10
INFO:root:[Start] Rwns_train class is initialized.
INFO:root:Start to write log.
INFO:root:[GA] Creating Tool Box 2020-04-26 09:04:46
INFO:root:[GA] Creating Tool Box 2020-04-26 09:04:46
INFO:root:[GA] Initialion starts at 2020-04-26 09:04:46
INFO:root:	 - Epoch: [0][0/2084]	Time 22.654 (22.654)	Loss 2.3470 (2.3470)	Prec@1 0.000 (0.000)	Prec@5 37.500 (37.500)
INFO:root:[Start] Rwns_train class is initialized.
INFO:root:Start to write log.
INFO:root:[GA] Creating Tool Box 2020-04-26 09:07:27
INFO:root:[GA] Creating Tool Box 2020-04-26 09:07:27
INFO:root:[GA] Initialion starts at 2020-04-26 09:07:27
INFO:root:	 - Epoch: [0][0/2084]	Time 22.595 (22.595)	Loss 2.3583 (2.3583)	Prec@1 16.667 (16.667)	Prec@5 45.833 (45.833)
INFO:root:	 - Epoch: [0][100/2084]	Time 0.150 (0.379)	Loss 1.8981 (2.4800)	Prec@1 29.167 (17.162)	Prec@5 79.167 (64.480)
INFO:root:	 - Epoch: [0][200/2084]	Time 0.154 (0.268)	Loss 2.0090 (2.2781)	Prec@1 25.000 (19.610)	Prec@5 70.833 (70.191)
INFO:root:	 - Epoch: [0][300/2084]	Time 0.152 (0.231)	Loss 1.6818 (2.1783)	Prec@1 25.000 (22.231)	Prec@5 95.833 (73.851)
INFO:root:	 - Epoch: [0][400/2084]	Time 0.153 (0.212)	Loss 2.0596 (2.1140)	Prec@1 29.167 (24.148)	Prec@5 83.333 (75.873)
INFO:root:	 - Epoch: [0][500/2084]	Time 0.211 (0.201)	Loss 2.0927 (2.0702)	Prec@1 8.333 (25.208)	Prec@5 79.167 (77.096)
INFO:root:	 - Epoch: [0][600/2084]	Time 0.153 (0.193)	Loss 1.9505 (2.0372)	Prec@1 33.333 (26.068)	Prec@5 87.500 (78.175)
INFO:root:	 - Epoch: [0][700/2084]	Time 0.158 (0.188)	Loss 1.8533 (2.0079)	Prec@1 33.333 (27.051)	Prec@5 91.667 (79.131)
INFO:root:	 - Epoch: [0][800/2084]	Time 0.152 (0.184)	Loss 1.8254 (1.9864)	Prec@1 37.500 (27.591)	Prec@5 91.667 (79.817)
INFO:root:	 - Epoch: [0][900/2084]	Time 0.151 (0.181)	Loss 1.7573 (1.9635)	Prec@1 33.333 (28.367)	Prec@5 91.667 (80.563)
INFO:root:	 - Epoch: [0][1000/2084]	Time 0.151 (0.178)	Loss 1.5680 (1.9435)	Prec@1 33.333 (29.058)	Prec@5 91.667 (81.052)
INFO:root:	 - Epoch: [0][1100/2084]	Time 0.153 (0.176)	Loss 1.6696 (1.9249)	Prec@1 33.333 (29.708)	Prec@5 91.667 (81.611)
INFO:root:	 - Epoch: [0][1200/2084]	Time 0.155 (0.174)	Loss 2.1358 (1.9071)	Prec@1 12.500 (30.322)	Prec@5 87.500 (82.123)
INFO:root:	 - Epoch: [0][1300/2084]	Time 0.158 (0.173)	Loss 1.9521 (1.8916)	Prec@1 25.000 (30.787)	Prec@5 79.167 (82.584)
INFO:root:	 - Epoch: [0][1400/2084]	Time 0.150 (0.172)	Loss 1.5650 (1.8774)	Prec@1 45.833 (31.254)	Prec@5 95.833 (83.063)
INFO:root:	 - Epoch: [0][1500/2084]	Time 0.158 (0.170)	Loss 1.5064 (1.8639)	Prec@1 37.500 (31.782)	Prec@5 100.000 (83.403)
INFO:root:	 - Epoch: [0][1600/2084]	Time 0.152 (0.169)	Loss 1.8991 (1.8491)	Prec@1 33.333 (32.214)	Prec@5 79.167 (83.823)
INFO:root:	 - Epoch: [0][1700/2084]	Time 0.149 (0.168)	Loss 1.3488 (1.8349)	Prec@1 54.167 (32.704)	Prec@5 87.500 (84.279)
INFO:root:	 - Epoch: [0][1800/2084]	Time 0.155 (0.168)	Loss 1.6821 (1.8216)	Prec@1 33.333 (33.151)	Prec@5 95.833 (84.654)
INFO:root:	 - Epoch: [0][1900/2084]	Time 0.161 (0.167)	Loss 1.3774 (1.8085)	Prec@1 58.333 (33.688)	Prec@5 87.500 (84.936)
INFO:root:	 - Epoch: [0][2000/2084]	Time 0.155 (0.166)	Loss 1.7332 (1.7960)	Prec@1 33.333 (34.181)	Prec@5 91.667 (85.237)
INFO:root:##### Validation_time 27.967 Prec@1 48.820 Prec@5 92.960 #####
INFO:root:	 - Epoch: [0][0/2084]	Time 22.337 (22.337)	Loss 2.3270 (2.3270)	Prec@1 4.167 (4.167)	Prec@5 41.667 (41.667)
INFO:root:	 - Epoch: [0][100/2084]	Time 0.168 (0.391)	Loss 2.1035 (2.4089)	Prec@1 12.500 (16.172)	Prec@5 79.167 (65.140)
INFO:root:	 - Epoch: [0][200/2084]	Time 0.172 (0.281)	Loss 1.8585 (2.2115)	Prec@1 41.667 (19.714)	Prec@5 83.333 (71.953)
INFO:root:	 - Epoch: [0][300/2084]	Time 0.166 (0.245)	Loss 1.8316 (2.1176)	Prec@1 29.167 (22.218)	Prec@5 91.667 (75.471)
INFO:root:	 - Epoch: [0][400/2084]	Time 0.168 (0.227)	Loss 1.7081 (2.0510)	Prec@1 33.333 (24.044)	Prec@5 95.833 (77.993)
INFO:root:	 - Epoch: [0][500/2084]	Time 0.194 (0.216)	Loss 1.6162 (1.9944)	Prec@1 29.167 (25.715)	Prec@5 91.667 (79.624)
INFO:root:	 - Epoch: [0][600/2084]	Time 0.169 (0.209)	Loss 2.0021 (1.9575)	Prec@1 20.833 (26.962)	Prec@5 83.333 (80.699)
INFO:root:	 - Epoch: [0][700/2084]	Time 0.205 (0.204)	Loss 1.8188 (1.9244)	Prec@1 29.167 (28.275)	Prec@5 100.000 (81.663)
INFO:root:	 - Epoch: [0][800/2084]	Time 0.167 (0.200)	Loss 1.4819 (1.8964)	Prec@1 41.667 (29.302)	Prec@5 87.500 (82.496)
INFO:root:	 - Epoch: [0][900/2084]	Time 0.171 (0.197)	Loss 1.4180 (1.8685)	Prec@1 50.000 (30.258)	Prec@5 100.000 (83.250)
INFO:root:	 - Epoch: [0][1000/2084]	Time 0.176 (0.195)	Loss 1.4391 (1.8479)	Prec@1 50.000 (31.011)	Prec@5 87.500 (83.854)
INFO:root:	 - Epoch: [0][1100/2084]	Time 0.172 (0.193)	Loss 1.5406 (1.8287)	Prec@1 41.667 (31.592)	Prec@5 91.667 (84.363)
INFO:root:	 - Epoch: [0][1200/2084]	Time 0.173 (0.192)	Loss 1.6194 (1.8105)	Prec@1 50.000 (32.317)	Prec@5 79.167 (84.842)
INFO:root:	 - Epoch: [0][1300/2084]	Time 0.183 (0.190)	Loss 1.4518 (1.7957)	Prec@1 45.833 (33.035)	Prec@5 95.833 (85.252)
INFO:root:	 - Epoch: [0][1400/2084]	Time 0.167 (0.189)	Loss 1.3643 (1.7784)	Prec@1 41.667 (33.782)	Prec@5 95.833 (85.665)
INFO:root:	 - Epoch: [0][1500/2084]	Time 0.166 (0.188)	Loss 1.7955 (1.7616)	Prec@1 37.500 (34.460)	Prec@5 83.333 (86.020)
INFO:root:	 - Epoch: [0][1600/2084]	Time 0.165 (0.187)	Loss 1.3175 (1.7446)	Prec@1 50.000 (35.129)	Prec@5 95.833 (86.368)
INFO:root:	 - Epoch: [0][1700/2084]	Time 0.165 (0.186)	Loss 1.5988 (1.7325)	Prec@1 45.833 (35.633)	Prec@5 91.667 (86.692)
INFO:root:	 - Epoch: [0][1800/2084]	Time 0.166 (0.185)	Loss 1.1616 (1.7188)	Prec@1 54.167 (36.223)	Prec@5 91.667 (86.966)
INFO:root:	 - Epoch: [0][1900/2084]	Time 0.172 (0.184)	Loss 1.1139 (1.7048)	Prec@1 58.333 (36.801)	Prec@5 95.833 (87.241)
INFO:root:	 - Epoch: [0][2000/2084]	Time 0.170 (0.184)	Loss 1.4719 (1.6925)	Prec@1 62.500 (37.267)	Prec@5 91.667 (87.506)
INFO:root:##### Validation_time 29.166 Prec@1 48.140 Prec@5 93.530 #####
INFO:root:	 - Epoch: [0][0/2084]	Time 22.513 (22.513)	Loss 2.3086 (2.3086)	Prec@1 12.500 (12.500)	Prec@5 45.833 (45.833)
INFO:root:	 - Epoch: [0][100/2084]	Time 0.162 (0.385)	Loss 2.3082 (2.5217)	Prec@1 12.500 (13.820)	Prec@5 70.833 (60.520)
INFO:root:	 - Epoch: [0][200/2084]	Time 0.159 (0.274)	Loss 2.2471 (2.3245)	Prec@1 16.667 (17.226)	Prec@5 62.500 (66.542)
INFO:root:	 - Epoch: [0][300/2084]	Time 0.159 (0.237)	Loss 1.9642 (2.2299)	Prec@1 29.167 (19.228)	Prec@5 79.167 (69.878)
INFO:root:	 - Epoch: [0][400/2084]	Time 0.160 (0.218)	Loss 1.9354 (2.1714)	Prec@1 25.000 (20.449)	Prec@5 83.333 (72.143)
INFO:root:	 - Epoch: [0][500/2084]	Time 0.184 (0.208)	Loss 1.8506 (2.1250)	Prec@1 29.167 (21.773)	Prec@5 83.333 (73.902)
INFO:root:	 - Epoch: [0][600/2084]	Time 0.158 (0.201)	Loss 1.8303 (2.0869)	Prec@1 33.333 (22.781)	Prec@5 70.833 (75.492)
INFO:root:	 - Epoch: [0][700/2084]	Time 0.166 (0.195)	Loss 2.0111 (2.0598)	Prec@1 33.333 (23.597)	Prec@5 83.333 (76.563)
INFO:root:	 - Epoch: [0][800/2084]	Time 0.181 (0.191)	Loss 1.8583 (2.0318)	Prec@1 16.667 (24.402)	Prec@5 83.333 (77.700)
INFO:root:	 - Epoch: [0][900/2084]	Time 0.161 (0.188)	Loss 1.8349 (2.0080)	Prec@1 25.000 (25.111)	Prec@5 79.167 (78.542)
INFO:root:	 - Epoch: [0][1000/2084]	Time 0.162 (0.186)	Loss 1.7959 (1.9866)	Prec@1 41.667 (25.795)	Prec@5 87.500 (79.341)
INFO:root:	 - Epoch: [0][1100/2084]	Time 0.156 (0.184)	Loss 1.9704 (1.9598)	Prec@1 25.000 (26.616)	Prec@5 83.333 (80.253)
INFO:root:	 - Epoch: [0][1200/2084]	Time 0.156 (0.182)	Loss 1.7289 (1.9398)	Prec@1 29.167 (27.467)	Prec@5 91.667 (80.766)
INFO:root:	 - Epoch: [0][1300/2084]	Time 0.158 (0.181)	Loss 1.8468 (1.9207)	Prec@1 37.500 (28.183)	Prec@5 91.667 (81.354)
INFO:root:	 - Epoch: [0][1400/2084]	Time 0.201 (0.180)	Loss 1.5997 (1.9047)	Prec@1 37.500 (28.807)	Prec@5 83.333 (81.873)
INFO:root:	 - Epoch: [0][1500/2084]	Time 0.205 (0.178)	Loss 1.7860 (1.8878)	Prec@1 33.333 (29.475)	Prec@5 79.167 (82.351)
INFO:root:	 - Epoch: [0][1600/2084]	Time 0.158 (0.177)	Loss 1.2305 (1.8706)	Prec@1 58.333 (30.221)	Prec@5 100.000 (82.823)
INFO:root:	 - Epoch: [0][1700/2084]	Time 0.157 (0.176)	Loss 1.7046 (1.8542)	Prec@1 33.333 (30.886)	Prec@5 87.500 (83.252)
INFO:root:	 - Epoch: [0][1800/2084]	Time 0.159 (0.176)	Loss 1.7225 (1.8387)	Prec@1 33.333 (31.501)	Prec@5 91.667 (83.690)
INFO:root:	 - Epoch: [0][1900/2084]	Time 0.159 (0.175)	Loss 1.4001 (1.8239)	Prec@1 50.000 (32.169)	Prec@5 95.833 (84.022)
INFO:root:	 - Epoch: [0][2000/2084]	Time 0.156 (0.174)	Loss 1.4948 (1.8092)	Prec@1 37.500 (32.786)	Prec@5 91.667 (84.377)
INFO:root:##### Validation_time 28.501 Prec@1 45.540 Prec@5 91.470 #####
INFO:root:	 - Epoch: [0][0/2084]	Time 22.455 (22.455)	Loss 2.3588 (2.3588)	Prec@1 8.333 (8.333)	Prec@5 41.667 (41.667)
INFO:root:	 - Epoch: [0][100/2084]	Time 0.151 (0.376)	Loss 2.2338 (2.4375)	Prec@1 16.667 (16.378)	Prec@5 70.833 (66.584)
INFO:root:	 - Epoch: [0][200/2084]	Time 0.154 (0.268)	Loss 2.0651 (2.2492)	Prec@1 37.500 (20.398)	Prec@5 70.833 (71.745)
INFO:root:	 - Epoch: [0][300/2084]	Time 0.153 (0.231)	Loss 1.7341 (2.1440)	Prec@1 29.167 (22.771)	Prec@5 87.500 (75.194)
INFO:root:	 - Epoch: [0][400/2084]	Time 0.154 (0.213)	Loss 1.7653 (2.0855)	Prec@1 16.667 (24.075)	Prec@5 91.667 (77.057)
INFO:root:	 - Epoch: [0][500/2084]	Time 0.152 (0.203)	Loss 1.7149 (2.0389)	Prec@1 54.167 (25.391)	Prec@5 87.500 (78.584)
INFO:root:	 - Epoch: [0][600/2084]	Time 0.152 (0.195)	Loss 1.8477 (2.0031)	Prec@1 37.500 (26.296)	Prec@5 87.500 (79.631)
INFO:root:	 - Epoch: [0][700/2084]	Time 0.156 (0.190)	Loss 1.3162 (1.9715)	Prec@1 58.333 (27.461)	Prec@5 95.833 (80.552)
INFO:root:	 - Epoch: [0][800/2084]	Time 0.159 (0.186)	Loss 1.6311 (1.9448)	Prec@1 33.333 (28.210)	Prec@5 87.500 (81.247)
INFO:root:	 - Epoch: [0][900/2084]	Time 0.154 (0.183)	Loss 1.6769 (1.9188)	Prec@1 37.500 (29.019)	Prec@5 87.500 (81.997)
INFO:root:	 - Epoch: [0][1000/2084]	Time 0.161 (0.180)	Loss 1.2793 (1.8949)	Prec@1 45.833 (29.795)	Prec@5 91.667 (82.676)
INFO:root:	 - Epoch: [0][1100/2084]	Time 0.156 (0.178)	Loss 1.3788 (1.8726)	Prec@1 50.000 (30.540)	Prec@5 95.833 (83.284)
INFO:root:	 - Epoch: [0][1200/2084]	Time 0.152 (0.177)	Loss 1.4296 (1.8523)	Prec@1 37.500 (31.342)	Prec@5 100.000 (83.746)
INFO:root:	 - Epoch: [0][1300/2084]	Time 0.156 (0.175)	Loss 1.2922 (1.8360)	Prec@1 54.167 (31.899)	Prec@5 95.833 (84.153)
INFO:root:	 - Epoch: [0][1400/2084]	Time 0.153 (0.174)	Loss 1.8736 (1.8193)	Prec@1 25.000 (32.572)	Prec@5 91.667 (84.574)
INFO:root:	 - Epoch: [0][1500/2084]	Time 0.160 (0.173)	Loss 1.5913 (1.8013)	Prec@1 54.167 (33.361)	Prec@5 95.833 (84.941)
INFO:root:	 - Epoch: [0][1600/2084]	Time 0.152 (0.172)	Loss 1.5357 (1.7858)	Prec@1 37.500 (34.028)	Prec@5 91.667 (85.288)
INFO:root:	 - Epoch: [0][1700/2084]	Time 0.154 (0.171)	Loss 1.6118 (1.7695)	Prec@1 58.333 (34.634)	Prec@5 79.167 (85.629)
INFO:root:	 - Epoch: [0][1800/2084]	Time 0.152 (0.170)	Loss 1.4620 (1.7528)	Prec@1 37.500 (35.341)	Prec@5 91.667 (85.980)
INFO:root:	 - Epoch: [0][1900/2084]	Time 0.154 (0.170)	Loss 1.2071 (1.7387)	Prec@1 54.167 (35.985)	Prec@5 95.833 (86.238)
INFO:root:	 - Epoch: [0][2000/2084]	Time 0.160 (0.169)	Loss 1.7777 (1.7238)	Prec@1 37.500 (36.594)	Prec@5 83.333 (86.534)
INFO:root:##### Validation_time 28.593 Prec@1 45.530 Prec@5 90.460 #####
INFO:root:	 - Epoch: [0][0/2084]	Time 23.043 (23.043)	Loss 2.2630 (2.2630)	Prec@1 16.667 (16.667)	Prec@5 54.167 (54.167)
INFO:root:	 - Epoch: [0][100/2084]	Time 0.165 (0.380)	Loss 2.0268 (2.4187)	Prec@1 20.833 (19.431)	Prec@5 70.833 (67.616)
INFO:root:	 - Epoch: [0][200/2084]	Time 0.151 (0.269)	Loss 1.8034 (2.2096)	Prec@1 50.000 (22.720)	Prec@5 79.167 (73.673)
INFO:root:	 - Epoch: [0][300/2084]	Time 0.161 (0.231)	Loss 1.7122 (2.1120)	Prec@1 29.167 (24.322)	Prec@5 91.667 (76.523)
INFO:root:	 - Epoch: [0][400/2084]	Time 0.151 (0.213)	Loss 1.7890 (2.0533)	Prec@1 20.833 (26.091)	Prec@5 83.333 (78.315)
INFO:root:	 - Epoch: [0][500/2084]	Time 0.151 (0.201)	Loss 1.8017 (2.0152)	Prec@1 25.000 (26.979)	Prec@5 87.500 (79.358)
INFO:root:	 - Epoch: [0][600/2084]	Time 0.150 (0.193)	Loss 1.4240 (1.9783)	Prec@1 50.000 (28.127)	Prec@5 100.000 (80.304)
INFO:root:	 - Epoch: [0][700/2084]	Time 0.154 (0.188)	Loss 1.7841 (1.9488)	Prec@1 20.833 (28.852)	Prec@5 95.833 (81.199)
INFO:root:	 - Epoch: [0][800/2084]	Time 0.160 (0.184)	Loss 1.7271 (1.9155)	Prec@1 29.167 (29.801)	Prec@5 87.500 (82.173)
INFO:root:	 - Epoch: [0][900/2084]	Time 0.151 (0.181)	Loss 1.5602 (1.8904)	Prec@1 45.833 (30.526)	Prec@5 100.000 (82.806)
INFO:root:	 - Epoch: [0][1000/2084]	Time 0.153 (0.178)	Loss 1.4896 (1.8674)	Prec@1 37.500 (31.277)	Prec@5 95.833 (83.396)
INFO:root:	 - Epoch: [0][1100/2084]	Time 0.154 (0.176)	Loss 1.3978 (1.8476)	Prec@1 41.667 (31.963)	Prec@5 95.833 (83.912)
INFO:root:	 - Epoch: [0][1200/2084]	Time 0.154 (0.175)	Loss 1.7994 (1.8284)	Prec@1 33.333 (32.570)	Prec@5 75.000 (84.430)
INFO:root:	 - Epoch: [0][1300/2084]	Time 0.151 (0.173)	Loss 1.5554 (1.8103)	Prec@1 54.167 (33.282)	Prec@5 95.833 (84.909)
INFO:root:	 - Epoch: [0][1400/2084]	Time 0.161 (0.172)	Loss 1.3854 (1.7910)	Prec@1 54.167 (34.130)	Prec@5 100.000 (85.335)
INFO:root:	 - Epoch: [0][1500/2084]	Time 0.152 (0.171)	Loss 1.7157 (1.7743)	Prec@1 33.333 (34.832)	Prec@5 87.500 (85.665)
INFO:root:	 - Epoch: [0][1600/2084]	Time 0.154 (0.170)	Loss 1.5833 (1.7582)	Prec@1 33.333 (35.540)	Prec@5 87.500 (85.991)
INFO:root:	 - Epoch: [0][1700/2084]	Time 0.152 (0.169)	Loss 1.3147 (1.7429)	Prec@1 54.167 (36.163)	Prec@5 95.833 (86.356)
INFO:root:	 - Epoch: [0][1800/2084]	Time 0.161 (0.169)	Loss 1.4745 (1.7242)	Prec@1 37.500 (36.878)	Prec@5 95.833 (86.750)
INFO:root:	 - Epoch: [0][1900/2084]	Time 0.161 (0.168)	Loss 1.4818 (1.7065)	Prec@1 50.000 (37.603)	Prec@5 100.000 (87.101)
INFO:root:	 - Epoch: [0][2000/2084]	Time 0.152 (0.168)	Loss 1.8210 (1.6913)	Prec@1 41.667 (38.185)	Prec@5 83.333 (87.392)
INFO:root:##### Validation_time 28.415 Prec@1 56.510 Prec@5 95.100 #####
INFO:root:	 - Epoch: [0][0/2084]	Time 22.501 (22.501)	Loss 2.2788 (2.2788)	Prec@1 8.333 (8.333)	Prec@5 58.333 (58.333)
INFO:root:	 - Epoch: [0][100/2084]	Time 0.154 (0.377)	Loss 1.9044 (2.3817)	Prec@1 20.833 (16.832)	Prec@5 70.833 (66.089)
INFO:root:	 - Epoch: [0][200/2084]	Time 0.150 (0.267)	Loss 1.8495 (2.2011)	Prec@1 25.000 (20.750)	Prec@5 87.500 (72.015)
INFO:root:	 - Epoch: [0][300/2084]	Time 0.151 (0.229)	Loss 1.8365 (2.1043)	Prec@1 33.333 (23.173)	Prec@5 75.000 (75.457)
INFO:root:	 - Epoch: [0][400/2084]	Time 0.160 (0.211)	Loss 1.5605 (2.0333)	Prec@1 50.000 (25.634)	Prec@5 95.833 (77.951)
INFO:root:	 - Epoch: [0][500/2084]	Time 0.152 (0.200)	Loss 1.4625 (1.9810)	Prec@1 54.167 (27.046)	Prec@5 100.000 (79.757)
INFO:root:	 - Epoch: [0][600/2084]	Time 0.152 (0.193)	Loss 1.4984 (1.9438)	Prec@1 45.833 (28.272)	Prec@5 91.667 (81.018)
INFO:root:	 - Epoch: [0][700/2084]	Time 0.153 (0.188)	Loss 2.0840 (1.9093)	Prec@1 37.500 (29.291)	Prec@5 83.333 (81.954)
INFO:root:	 - Epoch: [0][800/2084]	Time 0.152 (0.184)	Loss 1.9083 (1.8785)	Prec@1 29.167 (30.295)	Prec@5 91.667 (82.855)
INFO:root:	 - Epoch: [0][900/2084]	Time 0.155 (0.181)	Loss 1.6151 (1.8548)	Prec@1 29.167 (31.090)	Prec@5 87.500 (83.532)
INFO:root:	 - Epoch: [0][1000/2084]	Time 0.155 (0.179)	Loss 1.6022 (1.8254)	Prec@1 37.500 (32.301)	Prec@5 95.833 (84.191)
INFO:root:	 - Epoch: [0][1100/2084]	Time 0.154 (0.177)	Loss 1.3005 (1.7998)	Prec@1 58.333 (33.288)	Prec@5 95.833 (84.718)
INFO:root:	 - Epoch: [0][1200/2084]	Time 0.155 (0.175)	Loss 1.5498 (1.7763)	Prec@1 41.667 (34.156)	Prec@5 83.333 (85.273)
INFO:root:	 - Epoch: [0][1300/2084]	Time 0.151 (0.174)	Loss 1.4884 (1.7506)	Prec@1 37.500 (35.204)	Prec@5 100.000 (85.831)
INFO:root:	 - Epoch: [0][1400/2084]	Time 0.161 (0.173)	Loss 1.2368 (1.7304)	Prec@1 54.167 (36.066)	Prec@5 91.667 (86.239)
INFO:root:	 - Epoch: [0][1500/2084]	Time 0.154 (0.172)	Loss 0.9095 (1.7092)	Prec@1 70.833 (36.945)	Prec@5 100.000 (86.670)
INFO:root:	 - Epoch: [0][1600/2084]	Time 0.163 (0.171)	Loss 1.2984 (1.6861)	Prec@1 58.333 (37.914)	Prec@5 91.667 (87.089)
INFO:root:	 - Epoch: [0][1700/2084]	Time 0.150 (0.170)	Loss 1.1786 (1.6658)	Prec@1 62.500 (38.725)	Prec@5 87.500 (87.427)
INFO:root:	 - Epoch: [0][1800/2084]	Time 0.151 (0.169)	Loss 1.4208 (1.6465)	Prec@1 54.167 (39.517)	Prec@5 95.833 (87.764)
INFO:root:	 - Epoch: [0][1900/2084]	Time 0.186 (0.168)	Loss 1.2437 (1.6288)	Prec@1 50.000 (40.292)	Prec@5 95.833 (88.068)
INFO:root:	 - Epoch: [0][2000/2084]	Time 0.227 (0.168)	Loss 1.1889 (1.6117)	Prec@1 50.000 (40.982)	Prec@5 91.667 (88.356)
INFO:root:##### Validation_time 28.349 Prec@1 51.540 Prec@5 93.440 #####
INFO:root:	 - Epoch: [0][0/2084]	Time 22.688 (22.688)	Loss 2.3074 (2.3074)	Prec@1 16.667 (16.667)	Prec@5 62.500 (62.500)
INFO:root:	 - Epoch: [0][100/2084]	Time 0.155 (0.374)	Loss 2.0951 (2.4424)	Prec@1 12.500 (16.749)	Prec@5 70.833 (62.665)
INFO:root:	 - Epoch: [0][200/2084]	Time 0.147 (0.265)	Loss 1.9279 (2.2318)	Prec@1 8.333 (21.144)	Prec@5 79.167 (70.460)
INFO:root:	 - Epoch: [0][300/2084]	Time 0.150 (0.227)	Loss 1.9690 (2.1242)	Prec@1 25.000 (23.228)	Prec@5 75.000 (74.336)
INFO:root:	 - Epoch: [0][400/2084]	Time 0.146 (0.209)	Loss 1.9478 (2.0663)	Prec@1 29.167 (24.543)	Prec@5 87.500 (76.683)
INFO:root:	 - Epoch: [0][500/2084]	Time 0.149 (0.197)	Loss 1.5091 (2.0189)	Prec@1 45.833 (26.106)	Prec@5 91.667 (78.235)
INFO:root:	 - Epoch: [0][600/2084]	Time 0.146 (0.190)	Loss 1.5284 (1.9813)	Prec@1 33.333 (27.496)	Prec@5 100.000 (79.389)
INFO:root:	 - Epoch: [0][700/2084]	Time 0.147 (0.184)	Loss 1.5135 (1.9488)	Prec@1 45.833 (28.317)	Prec@5 95.833 (80.451)
INFO:root:	 - Epoch: [0][800/2084]	Time 0.153 (0.181)	Loss 1.9763 (1.9182)	Prec@1 33.333 (29.453)	Prec@5 83.333 (81.351)
INFO:root:	 - Epoch: [0][900/2084]	Time 0.149 (0.177)	Loss 1.9379 (1.8901)	Prec@1 37.500 (30.323)	Prec@5 83.333 (82.219)
INFO:root:	 - Epoch: [0][1000/2084]	Time 0.150 (0.175)	Loss 1.6050 (1.8675)	Prec@1 37.500 (31.048)	Prec@5 95.833 (82.842)
INFO:root:	 - Epoch: [0][1100/2084]	Time 0.152 (0.173)	Loss 1.5598 (1.8491)	Prec@1 37.500 (31.729)	Prec@5 91.667 (83.330)
INFO:root:	 - Epoch: [0][1200/2084]	Time 0.147 (0.171)	Loss 1.6601 (1.8333)	Prec@1 41.667 (32.338)	Prec@5 87.500 (83.736)
INFO:root:	 - Epoch: [0][1300/2084]	Time 0.155 (0.170)	Loss 1.0662 (1.8164)	Prec@1 54.167 (32.946)	Prec@5 100.000 (84.211)
INFO:root:	 - Epoch: [0][1400/2084]	Time 0.148 (0.168)	Loss 1.6066 (1.8023)	Prec@1 33.333 (33.562)	Prec@5 79.167 (84.597)
INFO:root:	 - Epoch: [0][1500/2084]	Time 0.155 (0.167)	Loss 1.4497 (1.7864)	Prec@1 45.833 (34.149)	Prec@5 87.500 (85.049)
INFO:root:	 - Epoch: [0][1600/2084]	Time 0.149 (0.166)	Loss 1.3055 (1.7709)	Prec@1 41.667 (34.741)	Prec@5 95.833 (85.431)
INFO:root:	 - Epoch: [0][1700/2084]	Time 0.150 (0.166)	Loss 1.7602 (1.7544)	Prec@1 41.667 (35.396)	Prec@5 91.667 (85.790)
INFO:root:	 - Epoch: [0][1800/2084]	Time 0.149 (0.165)	Loss 1.6260 (1.7380)	Prec@1 41.667 (36.038)	Prec@5 100.000 (86.167)
INFO:root:	 - Epoch: [0][1900/2084]	Time 0.147 (0.164)	Loss 1.3210 (1.7223)	Prec@1 54.167 (36.654)	Prec@5 95.833 (86.514)
INFO:root:	 - Epoch: [0][2000/2084]	Time 0.154 (0.164)	Loss 1.3789 (1.7093)	Prec@1 41.667 (37.117)	Prec@5 95.833 (86.765)
INFO:root:##### Validation_time 27.879 Prec@1 46.930 Prec@5 92.680 #####
INFO:root:	 - Epoch: [0][0/2084]	Time 23.056 (23.056)	Loss 2.3228 (2.3228)	Prec@1 8.333 (8.333)	Prec@5 50.000 (50.000)
INFO:root:	 - Epoch: [0][100/2084]	Time 0.169 (0.385)	Loss 2.0969 (2.4732)	Prec@1 25.000 (17.203)	Prec@5 83.333 (67.781)
INFO:root:	 - Epoch: [0][200/2084]	Time 0.157 (0.274)	Loss 1.8780 (2.2447)	Prec@1 33.333 (21.020)	Prec@5 95.833 (73.342)
INFO:root:	 - Epoch: [0][300/2084]	Time 0.208 (0.237)	Loss 1.7036 (2.1315)	Prec@1 33.333 (23.602)	Prec@5 91.667 (76.440)
INFO:root:	 - Epoch: [0][400/2084]	Time 0.156 (0.218)	Loss 1.9431 (2.0603)	Prec@1 37.500 (25.499)	Prec@5 83.333 (78.439)
INFO:root:	 - Epoch: [0][500/2084]	Time 0.158 (0.206)	Loss 1.7621 (2.0078)	Prec@1 41.667 (27.038)	Prec@5 83.333 (79.965)
INFO:root:	 - Epoch: [0][600/2084]	Time 0.155 (0.199)	Loss 1.6952 (1.9741)	Prec@1 33.333 (28.044)	Prec@5 91.667 (81.045)
INFO:root:	 - Epoch: [0][700/2084]	Time 0.161 (0.194)	Loss 1.8962 (1.9446)	Prec@1 20.833 (28.816)	Prec@5 83.333 (81.901)
INFO:root:[Start] Rwns_train class is initialized.
INFO:root:Start to write log.
INFO:root:[Start] Rwns_train class is initialized.
INFO:root:Start to write log.
INFO:root:[GA] Creating Tool Box 2020-04-26 09:55:18
INFO:root:[GA] Creating Tool Box 2020-04-26 09:55:18
INFO:root:[GA] Initialion starts at 2020-04-26 09:55:18
INFO:root:[Start] Rwns_train class is initialized.
INFO:root:Start to write log.
INFO:root:[GA] Creating Tool Box 2020-04-26 09:56:03
INFO:root:[GA] Creating Tool Box 2020-04-26 09:56:03
INFO:root:[GA] Initialion starts at 2020-04-26 09:56:03
INFO:root:[Start] Rwns_train class is initialized.
INFO:root:Start to write log.
INFO:root:[GA] Creating Tool Box 2020-04-26 09:58:38
INFO:root:[GA] Creating Tool Box 2020-04-26 09:58:38
INFO:root:[GA] Initialion starts at 2020-04-26 09:58:38
INFO:root:[Start] Rwns_train class is initialized.
INFO:root:Start to write log.
INFO:root:[GA] Creating Tool Box 2020-04-26 10:00:35
INFO:root:[GA] Creating Tool Box 2020-04-26 10:00:35
INFO:root:[GA] Initialion starts at 2020-04-26 10:00:35
INFO:root:	 - Epoch: [0][0/2084]	Time 22.923 (22.923)	Loss 2.3299 (2.3299)	Prec@1 16.667 (16.667)	Prec@5 62.500 (62.500)
INFO:root:	 - Epoch: [0][100/2084]	Time 0.166 (0.389)	Loss 2.4343 (2.4941)	Prec@1 8.333 (15.182)	Prec@5 62.500 (62.046)
INFO:root:	 - Epoch: [0][200/2084]	Time 0.163 (0.279)	Loss 2.1067 (2.3044)	Prec@1 25.000 (18.201)	Prec@5 70.833 (68.615)
INFO:root:	 - Epoch: [0][300/2084]	Time 0.161 (0.242)	Loss 2.0350 (2.2062)	Prec@1 29.167 (20.612)	Prec@5 62.500 (72.107)
INFO:root:	 - Epoch: [0][400/2084]	Time 0.196 (0.224)	Loss 1.7221 (2.1417)	Prec@1 41.667 (22.039)	Prec@5 87.500 (74.377)
INFO:root:	 - Epoch: [0][500/2084]	Time 0.166 (0.213)	Loss 1.9462 (2.0946)	Prec@1 20.833 (23.453)	Prec@5 83.333 (76.098)
INFO:root:[Start] Rwns_train class is initialized.
INFO:root:Start to write log.
INFO:root:[GA] Creating Tool Box 2020-04-26 10:02:39
INFO:root:[GA] Creating Tool Box 2020-04-26 10:02:39
INFO:root:[GA] Initialion starts at 2020-04-26 10:02:39
INFO:root:	 - Epoch: [0][0/2084]	Time 23.116 (23.116)	Loss 2.3099 (2.3099)	Prec@1 20.833 (20.833)	Prec@5 41.667 (41.667)
INFO:root:##### Validation_time 29.429 Prec@1 10.000 Prec@5 50.000 #####
INFO:root:	 - Epoch: [0][0/2084]	Time 22.602 (22.602)	Loss 2.2564 (2.2564)	Prec@1 16.667 (16.667)	Prec@5 62.500 (62.500)
INFO:root:##### Validation_time 28.508 Prec@1 10.000 Prec@5 50.000 #####
INFO:root:	 - Epoch: [0][0/2084]	Time 22.529 (22.529)	Loss 2.2857 (2.2857)	Prec@1 25.000 (25.000)	Prec@5 54.167 (54.167)
INFO:root:##### Validation_time 28.409 Prec@1 10.000 Prec@5 50.000 #####
INFO:root:	 - Epoch: [0][0/2084]	Time 22.715 (22.715)	Loss 2.2537 (2.2537)	Prec@1 20.833 (20.833)	Prec@5 58.333 (58.333)
INFO:root:##### Validation_time 28.961 Prec@1 10.000 Prec@5 50.000 #####
INFO:root:	 - Epoch: [0][0/2084]	Time 22.522 (22.522)	Loss 2.2986 (2.2986)	Prec@1 8.333 (8.333)	Prec@5 62.500 (62.500)
INFO:root:##### Validation_time 29.007 Prec@1 10.000 Prec@5 50.000 #####
INFO:root:	 - Epoch: [0][0/2084]	Time 22.539 (22.539)	Loss 2.3533 (2.3533)	Prec@1 4.167 (4.167)	Prec@5 41.667 (41.667)
INFO:root:##### Validation_time 28.627 Prec@1 10.000 Prec@5 50.000 #####
INFO:root:	 - Epoch: [0][0/2084]	Time 22.543 (22.543)	Loss 2.3115 (2.3115)	Prec@1 8.333 (8.333)	Prec@5 50.000 (50.000)
INFO:root:##### Validation_time 29.055 Prec@1 10.000 Prec@5 50.000 #####
INFO:root:	 - Epoch: [0][0/2084]	Time 22.638 (22.638)	Loss 2.4125 (2.4125)	Prec@1 12.500 (12.500)	Prec@5 37.500 (37.500)
INFO:root:##### Validation_time 28.807 Prec@1 10.000 Prec@5 50.000 #####
INFO:root:Initialion is finished at 2020-04-26 10:09:55
INFO:root:Initialization time = 435.56382393836975s
INFO:root:#####1th generation starts at2020-04-26 10:09:55
INFO:root:[Start] Rwns_train class is initialized.
INFO:root:Start to write log.
INFO:root:[GA] Creating Tool Box 2020-04-26 11:01:37
INFO:root:[GA] Creating Tool Box 2020-04-26 11:01:37
INFO:root:[GA] Initialion starts at 2020-04-26 11:01:37
INFO:root:	 - Epoch: [0][0/2084]	Time 22.914 (22.914)	Loss 2.3267 (2.3267)	Prec@1 4.167 (4.167)	Prec@5 45.833 (45.833)
INFO:root:##### Validation_time 28.832 Prec@1 10.000 Prec@5 50.000 #####
INFO:root:	 - Epoch: [0][0/2084]	Time 22.788 (22.788)	Loss 2.3163 (2.3163)	Prec@1 8.333 (8.333)	Prec@5 50.000 (50.000)
INFO:root:##### Validation_time 28.630 Prec@1 10.000 Prec@5 50.000 #####
INFO:root:	 - Epoch: [0][0/2084]	Time 22.332 (22.332)	Loss 2.2630 (2.2630)	Prec@1 4.167 (4.167)	Prec@5 50.000 (50.000)
INFO:root:##### Validation_time 28.391 Prec@1 10.000 Prec@5 50.000 #####
INFO:root:	 - Epoch: [0][0/2084]	Time 22.162 (22.162)	Loss 2.3160 (2.3160)	Prec@1 12.500 (12.500)	Prec@5 58.333 (58.333)
INFO:root:##### Validation_time 29.751 Prec@1 10.000 Prec@5 50.000 #####
INFO:root:	 - Epoch: [0][0/2084]	Time 22.184 (22.184)	Loss 2.2520 (2.2520)	Prec@1 20.833 (20.833)	Prec@5 70.833 (70.833)
INFO:root:##### Validation_time 28.980 Prec@1 10.000 Prec@5 50.000 #####
INFO:root:	 - Epoch: [0][0/2084]	Time 22.181 (22.181)	Loss 2.2671 (2.2671)	Prec@1 8.333 (8.333)	Prec@5 50.000 (50.000)
INFO:root:##### Validation_time 29.197 Prec@1 10.000 Prec@5 50.000 #####
INFO:root:	 - Epoch: [0][0/2084]	Time 22.194 (22.194)	Loss 2.3046 (2.3046)	Prec@1 4.167 (4.167)	Prec@5 66.667 (66.667)
INFO:root:##### Validation_time 28.574 Prec@1 10.000 Prec@5 50.000 #####
INFO:root:	 - Epoch: [0][0/2084]	Time 22.252 (22.252)	Loss 2.2659 (2.2659)	Prec@1 8.333 (8.333)	Prec@5 50.000 (50.000)
INFO:root:##### Validation_time 29.422 Prec@1 10.000 Prec@5 50.000 #####
INFO:root:Initialion is finished at 2020-04-26 11:08:51
INFO:root:Initialization time = 434.02217173576355s
INFO:root:#####1th generation starts at2020-04-26 11:08:51
INFO:root:[Start] Rwns_train class is initialized.
INFO:root:Start to write log.
INFO:root:[GA] Creating Tool Box 2020-04-26 11:09:43
INFO:root:[GA] Creating Tool Box 2020-04-26 11:09:43
INFO:root:[GA] Initialion starts at 2020-04-26 11:09:43
INFO:root:	 - Epoch: [0][0/2084]	Time 23.036 (23.036)	Loss 2.3498 (2.3498)	Prec@1 4.167 (4.167)	Prec@5 50.000 (50.000)
INFO:root:##### Validation_time 28.414 Prec@1 10.000 Prec@5 50.000 #####
INFO:root:	 - Epoch: [0][0/2084]	Time 22.316 (22.316)	Loss 2.2948 (2.2948)	Prec@1 12.500 (12.500)	Prec@5 50.000 (50.000)
INFO:root:##### Validation_time 28.724 Prec@1 10.000 Prec@5 50.000 #####
INFO:root:	 - Epoch: [0][0/2084]	Time 22.588 (22.588)	Loss 2.3276 (2.3276)	Prec@1 8.333 (8.333)	Prec@5 54.167 (54.167)
INFO:root:##### Validation_time 29.118 Prec@1 10.000 Prec@5 50.000 #####
INFO:root:	 - Epoch: [0][0/2084]	Time 22.525 (22.525)	Loss 2.3139 (2.3139)	Prec@1 0.000 (0.000)	Prec@5 45.833 (45.833)
INFO:root:##### Validation_time 28.850 Prec@1 10.000 Prec@5 50.000 #####
INFO:root:	 - Epoch: [0][0/2084]	Time 22.562 (22.562)	Loss 2.4008 (2.4008)	Prec@1 4.167 (4.167)	Prec@5 41.667 (41.667)
INFO:root:##### Validation_time 29.206 Prec@1 10.000 Prec@5 50.000 #####
INFO:root:	 - Epoch: [0][0/2084]	Time 22.605 (22.605)	Loss 2.3853 (2.3853)	Prec@1 0.000 (0.000)	Prec@5 37.500 (37.500)
INFO:root:##### Validation_time 28.163 Prec@1 10.000 Prec@5 50.000 #####
INFO:root:	 - Epoch: [0][0/2084]	Time 22.737 (22.737)	Loss 2.3686 (2.3686)	Prec@1 8.333 (8.333)	Prec@5 54.167 (54.167)
INFO:root:##### Validation_time 29.416 Prec@1 10.000 Prec@5 50.000 #####
INFO:root:	 - Epoch: [0][0/2084]	Time 22.701 (22.701)	Loss 2.2974 (2.2974)	Prec@1 8.333 (8.333)	Prec@5 58.333 (58.333)
INFO:root:##### Validation_time 29.752 Prec@1 10.000 Prec@5 50.000 #####
INFO:root:Initialion is finished at 2020-04-26 11:16:59
INFO:root:Initialization time = 436.6481091976166s
INFO:root:#####1th generation starts at2020-04-26 11:16:59
INFO:root:[Start] Rwns_train class is initialized.
INFO:root:Start to write log.
INFO:root:[GA] Creating Tool Box 2020-04-26 11:22:10
INFO:root:[GA] Creating Tool Box 2020-04-26 11:22:10
INFO:root:[GA] Initialion starts at 2020-04-26 11:22:10
INFO:root:	 - Epoch: [0][0/2084]	Time 22.874 (22.874)	Loss 2.2732 (2.2732)	Prec@1 12.500 (12.500)	Prec@5 62.500 (62.500)
INFO:root:##### Validation_time 28.653 Prec@1 10.000 Prec@5 50.000 #####
INFO:root:	 - Epoch: [0][0/2084]	Time 22.465 (22.465)	Loss 2.2884 (2.2884)	Prec@1 8.333 (8.333)	Prec@5 41.667 (41.667)
INFO:root:##### Validation_time 27.969 Prec@1 10.000 Prec@5 50.000 #####
INFO:root:	 - Epoch: [0][0/2084]	Time 22.484 (22.484)	Loss 2.4196 (2.4196)	Prec@1 8.333 (8.333)	Prec@5 25.000 (25.000)
INFO:root:##### Validation_time 27.912 Prec@1 10.000 Prec@5 50.000 #####
INFO:root:	 - Epoch: [0][0/2084]	Time 22.551 (22.551)	Loss 2.3673 (2.3673)	Prec@1 0.000 (0.000)	Prec@5 33.333 (33.333)
INFO:root:##### Validation_time 28.707 Prec@1 10.000 Prec@5 50.000 #####
INFO:root:Initialion is finished at 2020-04-26 11:25:47
INFO:root:Initialization time = 217.1347210407257s
INFO:root:#####1th generation starts at2020-04-26 11:25:47
INFO:root:	 - Epoch: [0][0/2084]	Time 22.505 (22.505)	Loss 2.3031 (2.3031)	Prec@1 16.667 (16.667)	Prec@5 45.833 (45.833)
INFO:root:##### Validation_time 30.571 Prec@1 10.000 Prec@5 50.000 #####
INFO:root:	 - Epoch: [0][0/2084]	Time 22.536 (22.536)	Loss 2.3614 (2.3614)	Prec@1 4.167 (4.167)	Prec@5 45.833 (45.833)
INFO:root:##### Validation_time 30.017 Prec@1 10.000 Prec@5 50.000 #####
INFO:root:	 - Epoch: [0][0/2084]	Time 22.496 (22.496)	Loss 2.2597 (2.2597)	Prec@1 20.833 (20.833)	Prec@5 54.167 (54.167)
INFO:root:##### Validation_time 30.114 Prec@1 10.000 Prec@5 50.000 #####
INFO:root:	 - Epoch: [0][0/2084]	Time 22.571 (22.571)	Loss 2.3202 (2.3202)	Prec@1 8.333 (8.333)	Prec@5 50.000 (50.000)
INFO:root:##### Validation_time 31.546 Prec@1 10.000 Prec@5 50.000 #####
INFO:root:	 Gen [001/030] -- evals: 004, evals_time: 222.2978s, gen_time: 222.2998s
INFO:root:#####2th generation starts at2020-04-26 11:29:30
INFO:root:[Start] Rwns_train class is initialized.
INFO:root:Start to write log.
INFO:root:[GA] Creating Tool Box 2020-04-26 11:33:52
INFO:root:[GA] Creating Tool Box 2020-04-26 11:33:52
INFO:root:[GA] Initialion starts at 2020-04-26 11:33:52
INFO:root:	 - Epoch: [0][0/2084]	Time 22.926 (22.926)	Loss 2.3138 (2.3138)	Prec@1 12.500 (12.500)	Prec@5 33.333 (33.333)
INFO:root:##### Validation_time 28.203 Prec@1 10.000 Prec@5 50.000 #####
INFO:root:	 - Epoch: [0][0/2084]	Time 22.567 (22.567)	Loss 2.3488 (2.3488)	Prec@1 8.333 (8.333)	Prec@5 54.167 (54.167)
INFO:root:##### Validation_time 28.911 Prec@1 10.000 Prec@5 50.000 #####
INFO:root:	 - Epoch: [0][0/2084]	Time 22.501 (22.501)	Loss 2.4353 (2.4353)	Prec@1 4.167 (4.167)	Prec@5 37.500 (37.500)
INFO:root:##### Validation_time 28.649 Prec@1 10.000 Prec@5 50.000 #####
INFO:root:	 - Epoch: [0][0/2084]	Time 22.526 (22.526)	Loss 2.3789 (2.3789)	Prec@1 4.167 (4.167)	Prec@5 37.500 (37.500)
INFO:root:##### Validation_time 29.074 Prec@1 10.000 Prec@5 50.000 #####
INFO:root:Initialion is finished at 2020-04-26 11:37:31
INFO:root:Initialization time = 219.11876893043518s
INFO:root:#####1th generation starts at2020-04-26 11:37:31
INFO:root:	 - Epoch: [0][0/2084]	Time 22.861 (22.861)	Loss 2.2843 (2.2843)	Prec@1 12.500 (12.500)	Prec@5 41.667 (41.667)
INFO:root:##### Validation_time 31.593 Prec@1 10.000 Prec@5 50.000 #####
INFO:root:	 - Epoch: [0][0/2084]	Time 22.566 (22.566)	Loss 2.3119 (2.3119)	Prec@1 12.500 (12.500)	Prec@5 41.667 (41.667)
INFO:root:##### Validation_time 30.453 Prec@1 10.000 Prec@5 50.000 #####
INFO:root:	 - Epoch: [0][0/2084]	Time 22.430 (22.430)	Loss 2.2910 (2.2910)	Prec@1 8.333 (8.333)	Prec@5 58.333 (58.333)
INFO:root:##### Validation_time 31.551 Prec@1 10.000 Prec@5 50.000 #####
INFO:root:	 - Epoch: [0][0/2084]	Time 22.541 (22.541)	Loss 2.3058 (2.3058)	Prec@1 4.167 (4.167)	Prec@5 45.833 (45.833)
INFO:root:##### Validation_time 32.030 Prec@1 10.000 Prec@5 50.000 #####
INFO:root:	 Gen [001/030] -- evals: 004, evals_time: 226.5317s, gen_time: 226.5337s
INFO:root:#####2th generation starts at2020-04-26 11:41:18
INFO:root:	 - Epoch: [0][0/2084]	Time 22.568 (22.568)	Loss 2.3334 (2.3334)	Prec@1 16.667 (16.667)	Prec@5 45.833 (45.833)
INFO:root:##### Validation_time 32.120 Prec@1 10.000 Prec@5 50.000 #####
INFO:root:	 - Epoch: [0][0/2084]	Time 22.563 (22.563)	Loss 2.3279 (2.3279)	Prec@1 8.333 (8.333)	Prec@5 50.000 (50.000)
INFO:root:##### Validation_time 32.262 Prec@1 10.000 Prec@5 50.000 #####
INFO:root:	 - Epoch: [0][0/2084]	Time 22.700 (22.700)	Loss 2.3064 (2.3064)	Prec@1 12.500 (12.500)	Prec@5 41.667 (41.667)
INFO:root:##### Validation_time 31.929 Prec@1 10.000 Prec@5 50.000 #####
INFO:root:	 - Epoch: [0][0/2084]	Time 22.548 (22.548)	Loss 2.2602 (2.2602)	Prec@1 12.500 (12.500)	Prec@5 62.500 (62.500)
INFO:root:##### Validation_time 31.879 Prec@1 10.000 Prec@5 50.000 #####
INFO:root:	 Gen [002/030] -- evals: 004, evals_time: 229.0812s, gen_time: 229.0832s
INFO:root:#####3th generation starts at2020-04-26 11:45:07
INFO:root:	 - Epoch: [0][0/2084]	Time 22.600 (22.600)	Loss 2.3168 (2.3168)	Prec@1 12.500 (12.500)	Prec@5 50.000 (50.000)
INFO:root:##### Validation_time 33.316 Prec@1 10.000 Prec@5 50.000 #####
INFO:root:	 - Epoch: [0][0/2084]	Time 22.513 (22.513)	Loss 2.2836 (2.2836)	Prec@1 12.500 (12.500)	Prec@5 50.000 (50.000)
INFO:root:##### Validation_time 30.641 Prec@1 10.000 Prec@5 50.000 #####
INFO:root:	 - Epoch: [0][0/2084]	Time 22.617 (22.617)	Loss 2.2669 (2.2669)	Prec@1 16.667 (16.667)	Prec@5 62.500 (62.500)
INFO:root:##### Validation_time 34.576 Prec@1 10.000 Prec@5 50.000 #####
INFO:root:	 - Epoch: [0][0/2084]	Time 22.549 (22.549)	Loss 2.3357 (2.3357)	Prec@1 16.667 (16.667)	Prec@5 62.500 (62.500)
INFO:root:##### Validation_time 30.587 Prec@1 10.000 Prec@5 50.000 #####
INFO:root:	 Gen [003/030] -- evals: 004, evals_time: 229.7569s, gen_time: 229.7599s
INFO:root:#####4th generation starts at2020-04-26 11:48:57
INFO:root:	 - Epoch: [0][0/2084]	Time 22.578 (22.578)	Loss 2.3681 (2.3681)	Prec@1 0.000 (0.000)	Prec@5 37.500 (37.500)
INFO:root:##### Validation_time 32.180 Prec@1 10.000 Prec@5 50.000 #####
INFO:root:	 - Epoch: [0][0/2084]	Time 22.556 (22.556)	Loss 2.3710 (2.3710)	Prec@1 4.167 (4.167)	Prec@5 54.167 (54.167)
INFO:root:##### Validation_time 30.970 Prec@1 10.000 Prec@5 50.000 #####
INFO:root:	 - Epoch: [0][0/2084]	Time 22.611 (22.611)	Loss 2.3092 (2.3092)	Prec@1 8.333 (8.333)	Prec@5 66.667 (66.667)
INFO:root:##### Validation_time 29.885 Prec@1 10.000 Prec@5 50.000 #####
INFO:root:	 - Epoch: [0][0/2084]	Time 22.590 (22.590)	Loss 2.3434 (2.3434)	Prec@1 12.500 (12.500)	Prec@5 54.167 (54.167)
INFO:root:##### Validation_time 31.240 Prec@1 10.000 Prec@5 50.000 #####
INFO:root:	 Gen [004/030] -- evals: 004, evals_time: 224.7414s, gen_time: 224.7464s
INFO:root:#####5th generation starts at2020-04-26 11:52:41
INFO:root:	 - Epoch: [0][0/2084]	Time 22.568 (22.568)	Loss 2.2316 (2.2316)	Prec@1 16.667 (16.667)	Prec@5 75.000 (75.000)
INFO:root:##### Validation_time 31.806 Prec@1 10.000 Prec@5 50.000 #####
INFO:root:	 - Epoch: [0][0/2084]	Time 22.539 (22.539)	Loss 2.3435 (2.3435)	Prec@1 4.167 (4.167)	Prec@5 45.833 (45.833)
INFO:root:##### Validation_time 32.706 Prec@1 10.000 Prec@5 50.000 #####
INFO:root:	 - Epoch: [0][0/2084]	Time 22.511 (22.511)	Loss 2.3726 (2.3726)	Prec@1 0.000 (0.000)	Prec@5 41.667 (41.667)
INFO:root:##### Validation_time 31.496 Prec@1 10.000 Prec@5 50.000 #####
INFO:root:	 - Epoch: [0][0/2084]	Time 22.549 (22.549)	Loss 2.3268 (2.3268)	Prec@1 0.000 (0.000)	Prec@5 50.000 (50.000)
INFO:root:##### Validation_time 31.885 Prec@1 10.000 Prec@5 50.000 #####
INFO:root:	 Gen [005/030] -- evals: 004, evals_time: 228.4195s, gen_time: 228.4205s
INFO:root:#####6th generation starts at2020-04-26 11:56:30
INFO:root:	 - Epoch: [0][0/2084]	Time 22.623 (22.623)	Loss 2.3730 (2.3730)	Prec@1 0.000 (0.000)	Prec@5 37.500 (37.500)
INFO:root:##### Validation_time 32.710 Prec@1 10.000 Prec@5 50.000 #####
INFO:root:	 - Epoch: [0][0/2084]	Time 22.546 (22.546)	Loss 2.3178 (2.3178)	Prec@1 12.500 (12.500)	Prec@5 37.500 (37.500)
INFO:root:##### Validation_time 31.708 Prec@1 10.000 Prec@5 50.000 #####
INFO:root:	 - Epoch: [0][0/2084]	Time 22.313 (22.313)	Loss 2.3795 (2.3795)	Prec@1 12.500 (12.500)	Prec@5 41.667 (41.667)
INFO:root:##### Validation_time 31.680 Prec@1 10.000 Prec@5 50.000 #####
INFO:root:	 - Epoch: [0][0/2084]	Time 22.390 (22.390)	Loss 2.2947 (2.2947)	Prec@1 16.667 (16.667)	Prec@5 54.167 (54.167)
INFO:root:##### Validation_time 33.232 Prec@1 10.000 Prec@5 50.000 #####
INFO:root:	 Gen [006/030] -- evals: 004, evals_time: 229.6480s, gen_time: 229.6500s
INFO:root:#####7th generation starts at2020-04-26 12:00:19
INFO:root:	 - Epoch: [0][0/2084]	Time 22.465 (22.465)	Loss 2.2939 (2.2939)	Prec@1 16.667 (16.667)	Prec@5 54.167 (54.167)
INFO:root:##### Validation_time 31.726 Prec@1 10.000 Prec@5 50.000 #####
INFO:root:	 - Epoch: [0][0/2084]	Time 22.239 (22.239)	Loss 2.3962 (2.3962)	Prec@1 0.000 (0.000)	Prec@5 12.500 (12.500)
INFO:root:##### Validation_time 30.956 Prec@1 10.000 Prec@5 50.000 #####
INFO:root:	 - Epoch: [0][0/2084]	Time 22.420 (22.420)	Loss 2.2739 (2.2739)	Prec@1 16.667 (16.667)	Prec@5 50.000 (50.000)
INFO:root:##### Validation_time 31.886 Prec@1 10.000 Prec@5 50.000 #####
INFO:root:	 - Epoch: [0][0/2084]	Time 22.343 (22.343)	Loss 2.2774 (2.2774)	Prec@1 12.500 (12.500)	Prec@5 54.167 (54.167)
INFO:root:##### Validation_time 32.161 Prec@1 10.000 Prec@5 50.000 #####
INFO:root:	 Gen [007/030] -- evals: 004, evals_time: 226.4790s, gen_time: 226.4810s
INFO:root:#####8th generation starts at2020-04-26 12:04:06
INFO:root:	 - Epoch: [0][0/2084]	Time 22.384 (22.384)	Loss 2.3383 (2.3383)	Prec@1 12.500 (12.500)	Prec@5 50.000 (50.000)
INFO:root:##### Validation_time 34.377 Prec@1 10.000 Prec@5 50.000 #####
INFO:root:	 - Epoch: [0][0/2084]	Time 22.316 (22.316)	Loss 2.3388 (2.3388)	Prec@1 12.500 (12.500)	Prec@5 66.667 (66.667)
INFO:root:##### Validation_time 33.087 Prec@1 10.000 Prec@5 50.000 #####
INFO:root:	 - Epoch: [0][0/2084]	Time 22.325 (22.325)	Loss 2.3936 (2.3936)	Prec@1 4.167 (4.167)	Prec@5 41.667 (41.667)
INFO:root:##### Validation_time 33.367 Prec@1 10.000 Prec@5 50.000 #####
INFO:root:	 - Epoch: [0][0/2084]	Time 22.396 (22.396)	Loss 2.3930 (2.3930)	Prec@1 4.167 (4.167)	Prec@5 33.333 (33.333)
INFO:root:##### Validation_time 32.680 Prec@1 10.000 Prec@5 50.000 #####
INFO:root:	 Gen [008/030] -- evals: 004, evals_time: 233.4000s, gen_time: 233.4030s
INFO:root:#####9th generation starts at2020-04-26 12:07:59
INFO:root:	 - Epoch: [0][0/2084]	Time 22.384 (22.384)	Loss 2.3942 (2.3942)	Prec@1 0.000 (0.000)	Prec@5 33.333 (33.333)
INFO:root:##### Validation_time 31.197 Prec@1 10.000 Prec@5 50.000 #####
INFO:root:	 - Epoch: [0][0/2084]	Time 22.355 (22.355)	Loss 2.3176 (2.3176)	Prec@1 8.333 (8.333)	Prec@5 50.000 (50.000)
INFO:root:##### Validation_time 32.536 Prec@1 10.000 Prec@5 50.000 #####
INFO:root:	 - Epoch: [0][0/2084]	Time 22.429 (22.429)	Loss 2.3254 (2.3254)	Prec@1 16.667 (16.667)	Prec@5 50.000 (50.000)
INFO:root:##### Validation_time 32.583 Prec@1 10.000 Prec@5 50.000 #####
INFO:root:	 - Epoch: [0][0/2084]	Time 22.388 (22.388)	Loss 2.3343 (2.3343)	Prec@1 8.333 (8.333)	Prec@5 62.500 (62.500)
INFO:root:##### Validation_time 32.030 Prec@1 10.000 Prec@5 50.000 #####
INFO:root:	 Gen [009/030] -- evals: 004, evals_time: 228.1950s, gen_time: 228.1960s
INFO:root:#####10th generation starts at2020-04-26 12:11:48
INFO:root:	 - Epoch: [0][0/2084]	Time 22.392 (22.392)	Loss 2.2752 (2.2752)	Prec@1 20.833 (20.833)	Prec@5 62.500 (62.500)
INFO:root:##### Validation_time 33.191 Prec@1 10.000 Prec@5 50.000 #####
INFO:root:	 - Epoch: [0][0/2084]	Time 22.292 (22.292)	Loss 2.4180 (2.4180)	Prec@1 12.500 (12.500)	Prec@5 41.667 (41.667)
INFO:root:##### Validation_time 33.864 Prec@1 10.000 Prec@5 50.000 #####
INFO:root:	 - Epoch: [0][0/2084]	Time 22.589 (22.589)	Loss 2.3517 (2.3517)	Prec@1 4.167 (4.167)	Prec@5 45.833 (45.833)
INFO:root:##### Validation_time 30.795 Prec@1 10.000 Prec@5 50.000 #####
INFO:root:	 - Epoch: [0][0/2084]	Time 22.503 (22.503)	Loss 2.3274 (2.3274)	Prec@1 4.167 (4.167)	Prec@5 50.000 (50.000)
INFO:root:##### Validation_time 31.817 Prec@1 10.000 Prec@5 50.000 #####
INFO:root:	 Gen [010/030] -- evals: 004, evals_time: 229.7400s, gen_time: 229.7430s
INFO:root:#####11th generation starts at2020-04-26 12:15:37
INFO:root:	 - Epoch: [0][0/2084]	Time 22.482 (22.482)	Loss 2.3539 (2.3539)	Prec@1 4.167 (4.167)	Prec@5 58.333 (58.333)
INFO:root:##### Validation_time 32.259 Prec@1 10.000 Prec@5 50.000 #####
INFO:root:	 - Epoch: [0][0/2084]	Time 22.467 (22.467)	Loss 2.2858 (2.2858)	Prec@1 16.667 (16.667)	Prec@5 58.333 (58.333)
INFO:root:##### Validation_time 33.096 Prec@1 10.000 Prec@5 50.000 #####
INFO:root:	 - Epoch: [0][0/2084]	Time 22.599 (22.599)	Loss 2.3733 (2.3733)	Prec@1 12.500 (12.500)	Prec@5 41.667 (41.667)
INFO:root:##### Validation_time 32.320 Prec@1 10.000 Prec@5 50.000 #####
INFO:root:	 - Epoch: [0][0/2084]	Time 22.539 (22.539)	Loss 2.2826 (2.2826)	Prec@1 12.500 (12.500)	Prec@5 50.000 (50.000)
INFO:root:##### Validation_time 30.890 Prec@1 10.000 Prec@5 50.000 #####
INFO:root:	 Gen [011/030] -- evals: 004, evals_time: 229.0500s, gen_time: 229.0520s
INFO:root:#####12th generation starts at2020-04-26 12:19:26
INFO:root:	 - Epoch: [0][0/2084]	Time 22.529 (22.529)	Loss 2.2317 (2.2317)	Prec@1 16.667 (16.667)	Prec@5 75.000 (75.000)
INFO:root:##### Validation_time 31.443 Prec@1 10.000 Prec@5 50.000 #####
INFO:root:	 - Epoch: [0][0/2084]	Time 22.599 (22.599)	Loss 2.3230 (2.3230)	Prec@1 12.500 (12.500)	Prec@5 45.833 (45.833)
INFO:root:##### Validation_time 33.992 Prec@1 10.000 Prec@5 50.000 #####
INFO:root:	 - Epoch: [0][0/2084]	Time 22.528 (22.528)	Loss 2.3001 (2.3001)	Prec@1 8.333 (8.333)	Prec@5 58.333 (58.333)
INFO:root:##### Validation_time 31.090 Prec@1 10.000 Prec@5 50.000 #####
INFO:root:	 - Epoch: [0][0/2084]	Time 22.540 (22.540)	Loss 2.4080 (2.4080)	Prec@1 4.167 (4.167)	Prec@5 50.000 (50.000)
INFO:root:##### Validation_time 31.193 Prec@1 10.000 Prec@5 50.000 #####
INFO:root:	 Gen [012/030] -- evals: 004, evals_time: 228.3430s, gen_time: 228.3450s
INFO:root:#####13th generation starts at2020-04-26 12:23:15
INFO:root:	 - Epoch: [0][0/2084]	Time 22.568 (22.568)	Loss 2.3033 (2.3033)	Prec@1 4.167 (4.167)	Prec@5 37.500 (37.500)
INFO:root:##### Validation_time 33.221 Prec@1 10.000 Prec@5 50.000 #####
INFO:root:	 - Epoch: [0][0/2084]	Time 22.542 (22.542)	Loss 2.3483 (2.3483)	Prec@1 16.667 (16.667)	Prec@5 29.167 (29.167)
INFO:root:##### Validation_time 31.918 Prec@1 10.000 Prec@5 50.000 #####
INFO:root:	 - Epoch: [0][0/2084]	Time 22.393 (22.393)	Loss 2.3520 (2.3520)	Prec@1 12.500 (12.500)	Prec@5 45.833 (45.833)
INFO:root:##### Validation_time 31.828 Prec@1 10.000 Prec@5 50.000 #####
INFO:root:	 - Epoch: [0][0/2084]	Time 22.459 (22.459)	Loss 2.3182 (2.3182)	Prec@1 8.333 (8.333)	Prec@5 54.167 (54.167)
INFO:root:##### Validation_time 30.602 Prec@1 10.000 Prec@5 50.000 #####
INFO:root:	 Gen [013/030] -- evals: 004, evals_time: 227.8430s, gen_time: 227.8460s
INFO:root:#####14th generation starts at2020-04-26 12:27:03
INFO:root:	 - Epoch: [0][0/2084]	Time 22.462 (22.462)	Loss 2.3212 (2.3212)	Prec@1 8.333 (8.333)	Prec@5 37.500 (37.500)
INFO:root:##### Validation_time 32.276 Prec@1 10.000 Prec@5 50.000 #####
INFO:root:	 - Epoch: [0][0/2084]	Time 22.447 (22.447)	Loss 2.4568 (2.4568)	Prec@1 0.000 (0.000)	Prec@5 33.333 (33.333)
INFO:root:##### Validation_time 31.538 Prec@1 10.000 Prec@5 50.000 #####
INFO:root:	 - Epoch: [0][0/2084]	Time 22.497 (22.497)	Loss 2.2949 (2.2949)	Prec@1 4.167 (4.167)	Prec@5 45.833 (45.833)
INFO:root:##### Validation_time 32.790 Prec@1 10.000 Prec@5 50.000 #####
INFO:root:	 - Epoch: [0][0/2084]	Time 22.516 (22.516)	Loss 2.3034 (2.3034)	Prec@1 12.500 (12.500)	Prec@5 66.667 (66.667)
INFO:root:##### Validation_time 31.485 Prec@1 10.000 Prec@5 50.000 #####
INFO:root:	 Gen [014/030] -- evals: 004, evals_time: 228.5340s, gen_time: 228.5350s
INFO:root:#####15th generation starts at2020-04-26 12:30:51
INFO:root:	 - Epoch: [0][0/2084]	Time 22.483 (22.483)	Loss 2.3393 (2.3393)	Prec@1 4.167 (4.167)	Prec@5 45.833 (45.833)
INFO:root:##### Validation_time 32.157 Prec@1 10.000 Prec@5 50.000 #####
INFO:root:	 - Epoch: [0][0/2084]	Time 22.466 (22.466)	Loss 2.3322 (2.3322)	Prec@1 8.333 (8.333)	Prec@5 45.833 (45.833)
INFO:root:##### Validation_time 33.834 Prec@1 10.000 Prec@5 50.000 #####
INFO:root:	 - Epoch: [0][0/2084]	Time 22.564 (22.564)	Loss 2.3182 (2.3182)	Prec@1 16.667 (16.667)	Prec@5 58.333 (58.333)
INFO:root:##### Validation_time 31.819 Prec@1 10.000 Prec@5 50.000 #####
INFO:root:	 - Epoch: [0][0/2084]	Time 22.477 (22.477)	Loss 2.2370 (2.2370)	Prec@1 16.667 (16.667)	Prec@5 62.500 (62.500)
INFO:root:##### Validation_time 31.292 Prec@1 10.000 Prec@5 50.000 #####
INFO:root:	 Gen [015/030] -- evals: 004, evals_time: 229.5110s, gen_time: 229.5120s
INFO:root:#####16th generation starts at2020-04-26 12:34:41
INFO:root:	 - Epoch: [0][0/2084]	Time 22.566 (22.566)	Loss 2.3538 (2.3538)	Prec@1 4.167 (4.167)	Prec@5 41.667 (41.667)
INFO:root:##### Validation_time 32.813 Prec@1 10.000 Prec@5 50.000 #####
INFO:root:	 - Epoch: [0][0/2084]	Time 22.455 (22.455)	Loss 2.3075 (2.3075)	Prec@1 12.500 (12.500)	Prec@5 37.500 (37.500)
INFO:root:##### Validation_time 32.409 Prec@1 10.000 Prec@5 50.000 #####
INFO:root:	 - Epoch: [0][0/2084]	Time 22.463 (22.463)	Loss 2.3084 (2.3084)	Prec@1 12.500 (12.500)	Prec@5 54.167 (54.167)
INFO:root:##### Validation_time 31.037 Prec@1 10.000 Prec@5 50.000 #####
INFO:root:	 - Epoch: [0][0/2084]	Time 22.457 (22.457)	Loss 2.3984 (2.3984)	Prec@1 0.000 (0.000)	Prec@5 33.333 (33.333)
INFO:root:##### Validation_time 31.789 Prec@1 10.000 Prec@5 50.000 #####
INFO:root:	 Gen [016/030] -- evals: 004, evals_time: 228.3240s, gen_time: 228.3270s
INFO:root:#####17th generation starts at2020-04-26 12:38:29
INFO:root:	 - Epoch: [0][0/2084]	Time 22.434 (22.434)	Loss 2.3973 (2.3973)	Prec@1 4.167 (4.167)	Prec@5 37.500 (37.500)
INFO:root:##### Validation_time 31.158 Prec@1 10.000 Prec@5 50.000 #####
INFO:root:	 - Epoch: [0][0/2084]	Time 22.423 (22.423)	Loss 2.3051 (2.3051)	Prec@1 4.167 (4.167)	Prec@5 45.833 (45.833)
INFO:root:##### Validation_time 32.177 Prec@1 10.000 Prec@5 50.000 #####
INFO:root:	 - Epoch: [0][0/2084]	Time 22.417 (22.417)	Loss 2.3185 (2.3185)	Prec@1 25.000 (25.000)	Prec@5 58.333 (58.333)
INFO:root:##### Validation_time 31.974 Prec@1 10.000 Prec@5 50.000 #####
INFO:root:	 - Epoch: [0][0/2084]	Time 22.448 (22.448)	Loss 2.3642 (2.3642)	Prec@1 8.333 (8.333)	Prec@5 54.167 (54.167)
INFO:root:##### Validation_time 31.297 Prec@1 10.000 Prec@5 50.000 #####
INFO:root:	 Gen [017/030] -- evals: 004, evals_time: 226.5860s, gen_time: 226.5890s
INFO:root:#####18th generation starts at2020-04-26 12:42:16
INFO:root:	 - Epoch: [0][0/2084]	Time 22.508 (22.508)	Loss 2.3594 (2.3594)	Prec@1 4.167 (4.167)	Prec@5 37.500 (37.500)
INFO:root:##### Validation_time 31.861 Prec@1 10.000 Prec@5 50.000 #####
INFO:root:	 - Epoch: [0][0/2084]	Time 22.509 (22.509)	Loss 2.2836 (2.2836)	Prec@1 4.167 (4.167)	Prec@5 54.167 (54.167)
INFO:root:##### Validation_time 32.542 Prec@1 10.000 Prec@5 50.000 #####
INFO:root:	 - Epoch: [0][0/2084]	Time 22.434 (22.434)	Loss 2.2763 (2.2763)	Prec@1 20.833 (20.833)	Prec@5 54.167 (54.167)
INFO:root:##### Validation_time 32.351 Prec@1 10.000 Prec@5 50.000 #####
INFO:root:	 - Epoch: [0][0/2084]	Time 22.436 (22.436)	Loss 2.3060 (2.3060)	Prec@1 16.667 (16.667)	Prec@5 54.167 (54.167)
INFO:root:##### Validation_time 30.734 Prec@1 10.000 Prec@5 50.000 #####
INFO:root:	 Gen [018/030] -- evals: 004, evals_time: 227.8400s, gen_time: 227.8430s
INFO:root:#####19th generation starts at2020-04-26 12:46:03
INFO:root:	 - Epoch: [0][0/2084]	Time 22.447 (22.447)	Loss 2.3250 (2.3250)	Prec@1 8.333 (8.333)	Prec@5 45.833 (45.833)
INFO:root:##### Validation_time 31.799 Prec@1 10.000 Prec@5 50.000 #####
INFO:root:	 - Epoch: [0][0/2084]	Time 22.456 (22.456)	Loss 2.3209 (2.3209)	Prec@1 12.500 (12.500)	Prec@5 54.167 (54.167)
INFO:root:##### Validation_time 33.806 Prec@1 10.000 Prec@5 50.000 #####
INFO:root:	 - Epoch: [0][0/2084]	Time 22.429 (22.429)	Loss 2.3376 (2.3376)	Prec@1 4.167 (4.167)	Prec@5 41.667 (41.667)
INFO:root:##### Validation_time 31.858 Prec@1 10.000 Prec@5 50.000 #####
INFO:root:	 - Epoch: [0][0/2084]	Time 22.484 (22.484)	Loss 2.2468 (2.2468)	Prec@1 12.500 (12.500)	Prec@5 70.833 (70.833)
INFO:root:##### Validation_time 33.566 Prec@1 10.000 Prec@5 50.000 #####
INFO:root:	 Gen [019/030] -- evals: 004, evals_time: 231.4630s, gen_time: 231.4660s
INFO:root:#####20th generation starts at2020-04-26 12:49:55
INFO:root:	 - Epoch: [0][0/2084]	Time 22.497 (22.497)	Loss 2.2826 (2.2826)	Prec@1 16.667 (16.667)	Prec@5 70.833 (70.833)
INFO:root:##### Validation_time 35.340 Prec@1 10.000 Prec@5 50.000 #####
INFO:root:	 - Epoch: [0][0/2084]	Time 22.469 (22.469)	Loss 2.3094 (2.3094)	Prec@1 8.333 (8.333)	Prec@5 62.500 (62.500)
INFO:root:##### Validation_time 31.069 Prec@1 10.000 Prec@5 50.000 #####
INFO:root:	 - Epoch: [0][0/2084]	Time 22.487 (22.487)	Loss 2.4656 (2.4656)	Prec@1 0.000 (0.000)	Prec@5 41.667 (41.667)
INFO:root:##### Validation_time 30.960 Prec@1 10.000 Prec@5 50.000 #####
INFO:root:	 - Epoch: [0][0/2084]	Time 22.554 (22.554)	Loss 2.3639 (2.3639)	Prec@1 0.000 (0.000)	Prec@5 37.500 (37.500)
INFO:root:##### Validation_time 34.663 Prec@1 10.000 Prec@5 50.000 #####
INFO:root:	 Gen [020/030] -- evals: 004, evals_time: 232.5020s, gen_time: 232.5040s
INFO:root:#####21th generation starts at2020-04-26 12:53:47
INFO:root:	 - Epoch: [0][0/2084]	Time 22.548 (22.548)	Loss 2.3514 (2.3514)	Prec@1 0.000 (0.000)	Prec@5 41.667 (41.667)
INFO:root:##### Validation_time 32.055 Prec@1 10.000 Prec@5 50.000 #####
INFO:root:	 - Epoch: [0][0/2084]	Time 22.570 (22.570)	Loss 2.3167 (2.3167)	Prec@1 4.167 (4.167)	Prec@5 37.500 (37.500)
INFO:root:##### Validation_time 34.633 Prec@1 10.000 Prec@5 50.000 #####
INFO:root:	 - Epoch: [0][0/2084]	Time 22.521 (22.521)	Loss 2.2990 (2.2990)	Prec@1 12.500 (12.500)	Prec@5 54.167 (54.167)
INFO:root:##### Validation_time 31.964 Prec@1 10.000 Prec@5 50.000 #####
INFO:root:	 - Epoch: [0][0/2084]	Time 22.443 (22.443)	Loss 2.3441 (2.3441)	Prec@1 12.500 (12.500)	Prec@5 41.667 (41.667)
INFO:root:##### Validation_time 33.926 Prec@1 10.000 Prec@5 50.000 #####
INFO:root:	 Gen [021/030] -- evals: 004, evals_time: 233.0720s, gen_time: 233.0740s
INFO:root:#####22th generation starts at2020-04-26 12:57:40
INFO:root:	 - Epoch: [0][0/2084]	Time 22.564 (22.564)	Loss 2.3804 (2.3804)	Prec@1 8.333 (8.333)	Prec@5 33.333 (33.333)
INFO:root:##### Validation_time 34.773 Prec@1 10.000 Prec@5 50.000 #####
INFO:root:	 - Epoch: [0][0/2084]	Time 22.587 (22.587)	Loss 2.2431 (2.2431)	Prec@1 25.000 (25.000)	Prec@5 62.500 (62.500)
INFO:root:##### Validation_time 31.031 Prec@1 10.000 Prec@5 50.000 #####
INFO:root:	 - Epoch: [0][0/2084]	Time 22.548 (22.548)	Loss 2.2501 (2.2501)	Prec@1 16.667 (16.667)	Prec@5 75.000 (75.000)
INFO:root:##### Validation_time 35.105 Prec@1 10.000 Prec@5 50.000 #####
INFO:root:	 - Epoch: [0][0/2084]	Time 22.566 (22.566)	Loss 2.2962 (2.2962)	Prec@1 25.000 (25.000)	Prec@5 62.500 (62.500)
INFO:root:##### Validation_time 32.687 Prec@1 10.000 Prec@5 50.000 #####
INFO:root:	 Gen [022/030] -- evals: 004, evals_time: 234.4350s, gen_time: 234.4390s
INFO:root:#####23th generation starts at2020-04-26 13:01:35
INFO:root:	 - Epoch: [0][0/2084]	Time 22.528 (22.528)	Loss 2.2745 (2.2745)	Prec@1 12.500 (12.500)	Prec@5 45.833 (45.833)
INFO:root:##### Validation_time 32.857 Prec@1 10.000 Prec@5 50.000 #####
INFO:root:	 - Epoch: [0][0/2084]	Time 22.563 (22.563)	Loss 2.2004 (2.2004)	Prec@1 20.833 (20.833)	Prec@5 66.667 (66.667)
INFO:root:##### Validation_time 34.798 Prec@1 10.000 Prec@5 50.000 #####
INFO:root:	 - Epoch: [0][0/2084]	Time 22.495 (22.495)	Loss 2.3603 (2.3603)	Prec@1 20.833 (20.833)	Prec@5 50.000 (50.000)
INFO:root:##### Validation_time 32.722 Prec@1 10.000 Prec@5 50.000 #####
INFO:root:	 - Epoch: [0][0/2084]	Time 22.543 (22.543)	Loss 2.2957 (2.2957)	Prec@1 4.167 (4.167)	Prec@5 54.167 (54.167)
INFO:root:##### Validation_time 34.092 Prec@1 10.000 Prec@5 50.000 #####
INFO:root:	 Gen [023/030] -- evals: 004, evals_time: 235.0470s, gen_time: 235.0480s
INFO:root:#####24th generation starts at2020-04-26 13:05:30
INFO:root:	 - Epoch: [0][0/2084]	Time 22.456 (22.456)	Loss 2.3162 (2.3162)	Prec@1 4.167 (4.167)	Prec@5 41.667 (41.667)
INFO:root:##### Validation_time 30.978 Prec@1 10.000 Prec@5 50.000 #####
INFO:root:	 - Epoch: [0][0/2084]	Time 22.566 (22.566)	Loss 2.3608 (2.3608)	Prec@1 0.000 (0.000)	Prec@5 58.333 (58.333)
INFO:root:##### Validation_time 32.586 Prec@1 10.000 Prec@5 50.000 #####
INFO:root:	 - Epoch: [0][0/2084]	Time 22.618 (22.618)	Loss 2.2804 (2.2804)	Prec@1 16.667 (16.667)	Prec@5 54.167 (54.167)
INFO:root:##### Validation_time 31.591 Prec@1 10.000 Prec@5 50.000 #####
INFO:root:	 - Epoch: [0][0/2084]	Time 22.513 (22.513)	Loss 2.3023 (2.3023)	Prec@1 4.167 (4.167)	Prec@5 50.000 (50.000)
INFO:root:##### Validation_time 34.007 Prec@1 10.000 Prec@5 50.000 #####
INFO:root:	 Gen [024/030] -- evals: 004, evals_time: 229.8830s, gen_time: 229.8840s
INFO:root:#####25th generation starts at2020-04-26 13:09:20
INFO:root:	 - Epoch: [0][0/2084]	Time 22.526 (22.526)	Loss 2.2895 (2.2895)	Prec@1 12.500 (12.500)	Prec@5 41.667 (41.667)
INFO:root:##### Validation_time 33.737 Prec@1 10.000 Prec@5 50.000 #####
INFO:root:	 - Epoch: [0][0/2084]	Time 22.479 (22.479)	Loss 2.2566 (2.2566)	Prec@1 8.333 (8.333)	Prec@5 66.667 (66.667)
INFO:root:##### Validation_time 31.469 Prec@1 10.000 Prec@5 50.000 #####
INFO:root:	 - Epoch: [0][0/2084]	Time 22.456 (22.456)	Loss 2.3018 (2.3018)	Prec@1 0.000 (0.000)	Prec@5 54.167 (54.167)
INFO:root:##### Validation_time 35.574 Prec@1 10.000 Prec@5 50.000 #####
INFO:root:	 - Epoch: [0][0/2084]	Time 22.432 (22.432)	Loss 2.3047 (2.3047)	Prec@1 8.333 (8.333)	Prec@5 41.667 (41.667)
INFO:root:##### Validation_time 32.655 Prec@1 10.000 Prec@5 50.000 #####
INFO:root:	 Gen [025/030] -- evals: 004, evals_time: 233.6860s, gen_time: 233.6930s
INFO:root:#####26th generation starts at2020-04-26 13:13:14
INFO:root:	 - Epoch: [0][0/2084]	Time 22.534 (22.534)	Loss 2.3118 (2.3118)	Prec@1 12.500 (12.500)	Prec@5 66.667 (66.667)
INFO:root:##### Validation_time 35.330 Prec@1 10.000 Prec@5 50.000 #####
INFO:root:	 - Epoch: [0][0/2084]	Time 22.546 (22.546)	Loss 2.3321 (2.3321)	Prec@1 12.500 (12.500)	Prec@5 54.167 (54.167)
INFO:root:##### Validation_time 32.290 Prec@1 10.000 Prec@5 50.000 #####
INFO:root:	 - Epoch: [0][0/2084]	Time 22.497 (22.497)	Loss 2.2767 (2.2767)	Prec@1 25.000 (25.000)	Prec@5 62.500 (62.500)
INFO:root:##### Validation_time 31.081 Prec@1 10.000 Prec@5 50.000 #####
INFO:root:	 - Epoch: [0][0/2084]	Time 22.523 (22.523)	Loss 2.3843 (2.3843)	Prec@1 8.333 (8.333)	Prec@5 45.833 (45.833)
INFO:root:##### Validation_time 34.237 Prec@1 10.000 Prec@5 50.000 #####
INFO:root:	 Gen [026/030] -- evals: 004, evals_time: 233.4680s, gen_time: 233.4710s
INFO:root:#####27th generation starts at2020-04-26 13:17:07
INFO:root:	 - Epoch: [0][0/2084]	Time 22.471 (22.471)	Loss 2.3596 (2.3596)	Prec@1 8.333 (8.333)	Prec@5 50.000 (50.000)
INFO:root:##### Validation_time 32.734 Prec@1 10.000 Prec@5 50.000 #####
INFO:root:	 - Epoch: [0][0/2084]	Time 22.701 (22.701)	Loss 2.3345 (2.3345)	Prec@1 12.500 (12.500)	Prec@5 45.833 (45.833)
INFO:root:##### Validation_time 31.472 Prec@1 10.000 Prec@5 50.000 #####
INFO:root:	 - Epoch: [0][0/2084]	Time 22.496 (22.496)	Loss 2.3169 (2.3169)	Prec@1 8.333 (8.333)	Prec@5 62.500 (62.500)
INFO:root:##### Validation_time 34.809 Prec@1 10.000 Prec@5 50.000 #####
INFO:root:	 - Epoch: [0][0/2084]	Time 22.505 (22.505)	Loss 2.2599 (2.2599)	Prec@1 4.167 (4.167)	Prec@5 66.667 (66.667)
INFO:root:##### Validation_time 33.092 Prec@1 10.000 Prec@5 50.000 #####
INFO:root:	 Gen [027/030] -- evals: 004, evals_time: 232.7140s, gen_time: 232.7170s
INFO:root:#####28th generation starts at2020-04-26 13:21:00
INFO:root:	 - Epoch: [0][0/2084]	Time 22.453 (22.453)	Loss 2.3399 (2.3399)	Prec@1 12.500 (12.500)	Prec@5 54.167 (54.167)
INFO:root:##### Validation_time 31.439 Prec@1 10.000 Prec@5 50.000 #####
INFO:root:	 - Epoch: [0][0/2084]	Time 22.496 (22.496)	Loss 2.3506 (2.3506)	Prec@1 12.500 (12.500)	Prec@5 37.500 (37.500)
INFO:root:##### Validation_time 35.066 Prec@1 10.000 Prec@5 50.000 #####
INFO:root:	 - Epoch: [0][0/2084]	Time 22.513 (22.513)	Loss 2.3762 (2.3762)	Prec@1 0.000 (0.000)	Prec@5 50.000 (50.000)
INFO:root:##### Validation_time 32.374 Prec@1 10.000 Prec@5 50.000 #####
INFO:root:	 - Epoch: [0][0/2084]	Time 22.570 (22.570)	Loss 2.3148 (2.3148)	Prec@1 8.333 (8.333)	Prec@5 58.333 (58.333)
INFO:root:##### Validation_time 35.078 Prec@1 10.000 Prec@5 50.000 #####
INFO:root:	 Gen [028/030] -- evals: 004, evals_time: 234.4970s, gen_time: 234.4990s
INFO:root:#####29th generation starts at2020-04-26 13:24:54
INFO:root:	 - Epoch: [0][0/2084]	Time 22.496 (22.496)	Loss 2.3056 (2.3056)	Prec@1 25.000 (25.000)	Prec@5 45.833 (45.833)
INFO:root:##### Validation_time 33.152 Prec@1 10.000 Prec@5 50.000 #####
INFO:root:	 - Epoch: [0][0/2084]	Time 22.518 (22.518)	Loss 2.3851 (2.3851)	Prec@1 4.167 (4.167)	Prec@5 41.667 (41.667)
INFO:root:##### Validation_time 33.133 Prec@1 10.000 Prec@5 50.000 #####
INFO:root:	 - Epoch: [0][0/2084]	Time 22.529 (22.529)	Loss 2.3403 (2.3403)	Prec@1 8.333 (8.333)	Prec@5 41.667 (41.667)
INFO:root:##### Validation_time 33.216 Prec@1 10.000 Prec@5 50.000 #####
INFO:root:	 - Epoch: [0][0/2084]	Time 22.446 (22.446)	Loss 2.3745 (2.3745)	Prec@1 4.167 (4.167)	Prec@5 54.167 (54.167)
INFO:root:##### Validation_time 32.731 Prec@1 10.000 Prec@5 50.000 #####
INFO:root:	 Gen [029/030] -- evals: 004, evals_time: 232.5230s, gen_time: 232.5280s
INFO:root:[Start] Rwns_train class is initialized.
INFO:root:Start to write log.
INFO:root:[GA] Creating Tool Box 2020-04-26 14:44:35
INFO:root:[GA] Creating Tool Box 2020-04-26 14:44:35
INFO:root:[GA] Initialion starts at 2020-04-26 14:44:35
INFO:root:[Start] Rwns_train class is initialized.
INFO:root:Start to write log.
INFO:root:[GA] Creating Tool Box 2020-04-26 14:47:54
INFO:root:[GA] Creating Tool Box 2020-04-26 14:47:54
INFO:root:[GA] Initialion starts at 2020-04-26 14:47:54
INFO:root:[Start] Rwns_train class is initialized.
INFO:root:Start to write log.
INFO:root:[GA] Creating Tool Box 2020-04-26 14:49:25
INFO:root:[GA] Creating Tool Box 2020-04-26 14:49:25
INFO:root:[GA] Initialion starts at 2020-04-26 14:49:25
INFO:root:	 - Epoch: [0][0/2084]	Time 22.866 (22.866)	Loss 2.2685 (2.2685)	Prec@1 16.667 (16.667)	Prec@5 54.167 (54.167)
INFO:root:	 - Epoch: [0][100/2084]	Time 0.151 (0.381)	Loss 2.3542 (2.4595)	Prec@1 12.500 (16.667)	Prec@5 66.667 (63.408)
INFO:root:	 - Epoch: [0][200/2084]	Time 0.152 (0.268)	Loss 2.0488 (2.2684)	Prec@1 20.833 (19.071)	Prec@5 75.000 (70.377)
INFO:root:	 - Epoch: [0][300/2084]	Time 0.154 (0.230)	Loss 2.1693 (2.1854)	Prec@1 20.833 (21.013)	Prec@5 79.167 (72.841)
INFO:root:	 - Epoch: [0][400/2084]	Time 0.152 (0.212)	Loss 1.9909 (2.1282)	Prec@1 41.667 (22.537)	Prec@5 70.833 (74.803)
INFO:root:	 - Epoch: [0][500/2084]	Time 0.152 (0.200)	Loss 1.8638 (2.0952)	Prec@1 20.833 (23.470)	Prec@5 91.667 (76.098)
INFO:root:	 - Epoch: [0][600/2084]	Time 0.154 (0.193)	Loss 1.7686 (2.0685)	Prec@1 37.500 (24.432)	Prec@5 91.667 (76.872)
INFO:root:	 - Epoch: [0][700/2084]	Time 0.155 (0.188)	Loss 1.7575 (2.0407)	Prec@1 25.000 (25.262)	Prec@5 83.333 (77.716)
INFO:root:	 - Epoch: [0][800/2084]	Time 0.151 (0.184)	Loss 1.8336 (2.0192)	Prec@1 25.000 (25.749)	Prec@5 87.500 (78.334)
INFO:root:	 - Epoch: [0][900/2084]	Time 0.151 (0.181)	Loss 1.6651 (2.0047)	Prec@1 33.333 (26.142)	Prec@5 83.333 (78.797)
INFO:root:	 - Epoch: [0][1000/2084]	Time 0.156 (0.178)	Loss 1.8021 (1.9844)	Prec@1 29.167 (26.852)	Prec@5 79.167 (79.412)
INFO:root:	 - Epoch: [0][1100/2084]	Time 0.179 (0.176)	Loss 1.6570 (1.9701)	Prec@1 25.000 (27.267)	Prec@5 91.667 (80.048)
INFO:root:	 - Epoch: [0][1200/2084]	Time 0.149 (0.174)	Loss 2.0231 (1.9554)	Prec@1 20.833 (27.866)	Prec@5 87.500 (80.561)
INFO:root:	 - Epoch: [0][1300/2084]	Time 0.154 (0.173)	Loss 1.8677 (1.9407)	Prec@1 37.500 (28.299)	Prec@5 83.333 (81.008)
